#
# There is insufficient memory for the Java Runtime Environment to continue.
# Native memory allocation (malloc) failed to allocate 174960 bytes for Chunk::new
# Possible reasons:
#   The system is out of physical RAM or swap space
#   The process is running with CompressedOops enabled, and the Java Heap may be blocking the growth of the native heap
# Possible solutions:
#   Reduce memory load on the system
#   Increase physical memory or swap space
#   Check if swap backing store is full
#   Decrease Java heap size (-Xmx/-Xms)
#   Decrease number of Java threads
#   Decrease Java thread stack sizes (-Xss)
#   Set larger code cache with -XX:ReservedCodeCacheSize=
#   JVM is running with Unscaled Compressed Oops mode in which the Java heap is
#     placed in the first 4GB address space. The Java Heap base address is the
#     maximum limit for the native heap growth. Please use -XX:HeapBaseMinAddress
#     to set the Java Heap base and to place the Java Heap above 4GB virtual address.
# This output file may be truncated or incomplete.
#
#  Out of Memory Error (arena.cpp:189), pid=13896, tid=9252
#
# JRE version: Java(TM) SE Runtime Environment (17.0.6+9) (build 17.0.6+9-LTS-190)
# Java VM: Java HotSpot(TM) 64-Bit Server VM (17.0.6+9-LTS-190, mixed mode, sharing, tiered, compressed oops, compressed class ptrs, g1 gc, windows-amd64)
# No core dump will be written. Minidumps are not enabled by default on client versions of Windows
#

---------------  S U M M A R Y ------------

Command Line: -javaagent:C:\Program Files\JetBrains\IntelliJ IDEA 2022.3.1\lib\idea_rt.jar=14140:C:\Program Files\JetBrains\IntelliJ IDEA 2022.3.1\bin -Dfile.encoding=UTF-8 LauncherWrapper

Host: 11th Gen Intel(R) Core(TM) i7-11800H @ 2.30GHz, 16 cores, 7G,  Windows 11 , 64 bit Build 22621 (10.0.22621.3958)
Time: Wed Sep 25 16:38:11 2024 Sri Lanka Standard Time elapsed time: 0.187447 seconds (0d 0h 0m 0s)

---------------  T H R E A D  ---------------

Current thread (0x000001afbb60b6f0):  JavaThread "C2 CompilerThread0" daemon [_thread_in_native, id=9252, stack(0x0000003acb400000,0x0000003acb500000)]


Current CompileTask:
C2:    188  585       4       java.util.HashMap::put (13 bytes)

Stack: [0x0000003acb400000,0x0000003acb500000]
Native frames: (J=compiled Java code, j=interpreted, Vv=VM code, C=native code)
V  [jvm.dll+0x6734ea]
V  [jvm.dll+0x7d18f4]
V  [jvm.dll+0x7d309e]
V  [jvm.dll+0x7d3703]
V  [jvm.dll+0x2433c5]
V  [jvm.dll+0xaa46b]
V  [jvm.dll+0xaaa0c]
V  [jvm.dll+0x35eb2e]
V  [jvm.dll+0x329401]
V  [jvm.dll+0x32889a]
V  [jvm.dll+0x215ddf]
V  [jvm.dll+0x215211]
V  [jvm.dll+0x1a1730]
V  [jvm.dll+0x224b6e]
V  [jvm.dll+0x222f15]
V  [jvm.dll+0x78753c]
V  [jvm.dll+0x781a7a]
V  [jvm.dll+0x672375]
C  [ucrtbase.dll+0x29333]
C  [KERNEL32.DLL+0x1257d]
C  [ntdll.dll+0x5af28]


---------------  P R O C E S S  ---------------

Threads class SMR info:
_java_thread_list=0x000001afbc9183f0, length=18, elements={
0x000001af9cf36fe0, 0x000001afbb5f4f30, 0x000001afbb5f58e0, 0x000001afbb605220,
0x000001afbb605bd0, 0x000001afbb6099a0, 0x000001afbb60a350, 0x000001afbb60b6f0,
0x000001afbb615500, 0x000001afbb61e510, 0x000001afbb5dd150, 0x000001afbc4dfff0,
0x000001afbc4e1540, 0x000001afbc502700, 0x000001afbc50a230, 0x000001afbc7f5170,
0x000001afbc7f6e90, 0x000001afbc9228d0
}

Java Threads: ( => current thread )
  0x000001af9cf36fe0 JavaThread "main" [_thread_blocked, id=22836, stack(0x0000003aca700000,0x0000003aca800000)]
  0x000001afbb5f4f30 JavaThread "Reference Handler" daemon [_thread_blocked, id=8256, stack(0x0000003acae00000,0x0000003acaf00000)]
  0x000001afbb5f58e0 JavaThread "Finalizer" daemon [_thread_blocked, id=1448, stack(0x0000003acaf00000,0x0000003acb000000)]
  0x000001afbb605220 JavaThread "Signal Dispatcher" daemon [_thread_blocked, id=8452, stack(0x0000003acb000000,0x0000003acb100000)]
  0x000001afbb605bd0 JavaThread "Attach Listener" daemon [_thread_blocked, id=24052, stack(0x0000003acb100000,0x0000003acb200000)]
  0x000001afbb6099a0 JavaThread "Service Thread" daemon [_thread_blocked, id=18428, stack(0x0000003acb200000,0x0000003acb300000)]
  0x000001afbb60a350 JavaThread "Monitor Deflation Thread" daemon [_thread_blocked, id=6900, stack(0x0000003acb300000,0x0000003acb400000)]
=>0x000001afbb60b6f0 JavaThread "C2 CompilerThread0" daemon [_thread_in_native, id=9252, stack(0x0000003acb400000,0x0000003acb500000)]
  0x000001afbb615500 JavaThread "C1 CompilerThread0" daemon [_thread_blocked, id=19648, stack(0x0000003acb500000,0x0000003acb600000)]
  0x000001afbb61e510 JavaThread "Sweeper thread" daemon [_thread_blocked, id=15244, stack(0x0000003acb600000,0x0000003acb700000)]
  0x000001afbb5dd150 JavaThread "Common-Cleaner" daemon [_thread_blocked, id=24156, stack(0x0000003acb700000,0x0000003acb800000)]
  0x000001afbc4dfff0 JavaThread "C1 CompilerThread1" daemon [_thread_blocked, id=3608, stack(0x0000003acb800000,0x0000003acb900000)]
  0x000001afbc4e1540 JavaThread "C1 CompilerThread2" daemon [_thread_blocked, id=8020, stack(0x0000003acb900000,0x0000003acba00000)]
  0x000001afbc502700 JavaThread "C1 CompilerThread3" daemon [_thread_blocked, id=19904, stack(0x0000003acba00000,0x0000003acbb00000)]
  0x000001afbc50a230 JavaThread "C2 CompilerThread1" daemon [_thread_blocked, id=16184, stack(0x0000003acbb00000,0x0000003acbc00000)]
  0x000001afbc7f5170 JavaThread "Monitor Ctrl-Break" daemon [_thread_in_native, id=22568, stack(0x0000003acbc00000,0x0000003acbd00000)]
  0x000001afbc7f6e90 JavaThread "Notification Thread" daemon [_thread_blocked, id=14392, stack(0x0000003acbd00000,0x0000003acbe00000)]
  0x000001afbc9228d0 JavaThread "JavaFX-Launcher" [_thread_in_vm, id=24016, stack(0x0000003acbf00000,0x0000003acc000000)]

Other Threads:
  0x000001afbb5ef590 VMThread "VM Thread" [stack: 0x0000003acad00000,0x0000003acae00000] [id=19192]
  0x000001afbc907af0 WatcherThread [stack: 0x0000003acbe00000,0x0000003acbf00000] [id=16624]
  0x000001af9cf92420 GCTaskThread "GC Thread#0" [stack: 0x0000003aca800000,0x0000003aca900000] [id=8944]
  0x000001af9cfa2a20 ConcurrentGCThread "G1 Main Marker" [stack: 0x0000003aca900000,0x0000003acaa00000] [id=25496]
  0x000001af9cfa3430 ConcurrentGCThread "G1 Conc#0" [stack: 0x0000003acaa00000,0x0000003acab00000] [id=11156]
  0x000001afbb498ac0 ConcurrentGCThread "G1 Refine#0" [stack: 0x0000003acab00000,0x0000003acac00000] [id=14104]
  0x000001afbb49a4f0 ConcurrentGCThread "G1 Service" [stack: 0x0000003acac00000,0x0000003acad00000] [id=21660]

Threads with active compile tasks:
C2 CompilerThread0      212  585       4       java.util.HashMap::put (13 bytes)
C1 CompilerThread1      212  657       3       java.util.Locale::getLanguage (8 bytes)
C1 CompilerThread2      212  658       1       sun.security.util.KnownOIDs::registerNames (2 bytes)

VM state: not at safepoint (normal execution)

VM Mutex/Monitor currently owned by a thread: None

Heap address: 0x0000000084a00000, size: 1974 MB, Compressed Oops mode: 32-bit

CDS archive(s) mapped at: [0x0000000800000000-0x0000000800bd0000-0x0000000800bd0000), size 12386304, SharedBaseAddress: 0x0000000800000000, ArchiveRelocationMode: 0.
Compressed class space mapped at: 0x0000000800c00000-0x0000000840c00000, reserved size: 1073741824
Narrow klass base: 0x0000000800000000, Narrow klass shift: 0, Narrow klass range: 0x100000000

GC Precious Log:
 CPUs: 16 total, 16 available
 Memory: 7893M
 Large Page Support: Disabled
 NUMA Support: Disabled
 Compressed Oops: Enabled (32-bit)
 Heap Region Size: 1M
 Heap Min Capacity: 8M
 Heap Initial Capacity: 124M
 Heap Max Capacity: 1974M
 Pre-touch: Disabled
 Parallel Workers: 13
 Concurrent Workers: 3
 Concurrent Refinement Workers: 13
 Periodic GC: Disabled

Heap:
 garbage-first heap   total 126976K, used 9216K [0x0000000084a00000, 0x0000000100000000)
  region size 1024K, 10 young (10240K), 0 survivors (0K)
 Metaspace       used 2395K, committed 2560K, reserved 1056768K
  class space    used 240K, committed 320K, reserved 1048576K

Heap Regions: E=young(eden), S=young(survivor), O=old, HS=humongous(starts), HC=humongous(continues), CS=collection set, F=free, OA=open archive, CA=closed archive, TAMS=top-at-mark-start (previous, next)
|   0|0x0000000084a00000, 0x0000000084b00000, 0x0000000084b00000|100%|HS|  |TAMS 0x0000000084a00000, 0x0000000084a00000| Complete 
|   1|0x0000000084b00000, 0x0000000084b00000, 0x0000000084c00000|  0%| F|  |TAMS 0x0000000084b00000, 0x0000000084b00000| Untracked 
|   2|0x0000000084c00000, 0x0000000084c00000, 0x0000000084d00000|  0%| F|  |TAMS 0x0000000084c00000, 0x0000000084c00000| Untracked 
|   3|0x0000000084d00000, 0x0000000084d00000, 0x0000000084e00000|  0%| F|  |TAMS 0x0000000084d00000, 0x0000000084d00000| Untracked 
|   4|0x0000000084e00000, 0x0000000084e00000, 0x0000000084f00000|  0%| F|  |TAMS 0x0000000084e00000, 0x0000000084e00000| Untracked 
|   5|0x0000000084f00000, 0x0000000084f00000, 0x0000000085000000|  0%| F|  |TAMS 0x0000000084f00000, 0x0000000084f00000| Untracked 
|   6|0x0000000085000000, 0x0000000085000000, 0x0000000085100000|  0%| F|  |TAMS 0x0000000085000000, 0x0000000085000000| Untracked 
|   7|0x0000000085100000, 0x0000000085100000, 0x0000000085200000|  0%| F|  |TAMS 0x0000000085100000, 0x0000000085100000| Untracked 
|   8|0x0000000085200000, 0x0000000085200000, 0x0000000085300000|  0%| F|  |TAMS 0x0000000085200000, 0x0000000085200000| Untracked 
|   9|0x0000000085300000, 0x0000000085300000, 0x0000000085400000|  0%| F|  |TAMS 0x0000000085300000, 0x0000000085300000| Untracked 
|  10|0x0000000085400000, 0x0000000085400000, 0x0000000085500000|  0%| F|  |TAMS 0x0000000085400000, 0x0000000085400000| Untracked 
|  11|0x0000000085500000, 0x0000000085500000, 0x0000000085600000|  0%| F|  |TAMS 0x0000000085500000, 0x0000000085500000| Untracked 
|  12|0x0000000085600000, 0x0000000085600000, 0x0000000085700000|  0%| F|  |TAMS 0x0000000085600000, 0x0000000085600000| Untracked 
|  13|0x0000000085700000, 0x0000000085700000, 0x0000000085800000|  0%| F|  |TAMS 0x0000000085700000, 0x0000000085700000| Untracked 
|  14|0x0000000085800000, 0x0000000085800000, 0x0000000085900000|  0%| F|  |TAMS 0x0000000085800000, 0x0000000085800000| Untracked 
|  15|0x0000000085900000, 0x0000000085900000, 0x0000000085a00000|  0%| F|  |TAMS 0x0000000085900000, 0x0000000085900000| Untracked 
|  16|0x0000000085a00000, 0x0000000085a00000, 0x0000000085b00000|  0%| F|  |TAMS 0x0000000085a00000, 0x0000000085a00000| Untracked 
|  17|0x0000000085b00000, 0x0000000085b00000, 0x0000000085c00000|  0%| F|  |TAMS 0x0000000085b00000, 0x0000000085b00000| Untracked 
|  18|0x0000000085c00000, 0x0000000085c00000, 0x0000000085d00000|  0%| F|  |TAMS 0x0000000085c00000, 0x0000000085c00000| Untracked 
|  19|0x0000000085d00000, 0x0000000085d00000, 0x0000000085e00000|  0%| F|  |TAMS 0x0000000085d00000, 0x0000000085d00000| Untracked 
|  20|0x0000000085e00000, 0x0000000085e00000, 0x0000000085f00000|  0%| F|  |TAMS 0x0000000085e00000, 0x0000000085e00000| Untracked 
|  21|0x0000000085f00000, 0x0000000085f00000, 0x0000000086000000|  0%| F|  |TAMS 0x0000000085f00000, 0x0000000085f00000| Untracked 
|  22|0x0000000086000000, 0x0000000086000000, 0x0000000086100000|  0%| F|  |TAMS 0x0000000086000000, 0x0000000086000000| Untracked 
|  23|0x0000000086100000, 0x0000000086100000, 0x0000000086200000|  0%| F|  |TAMS 0x0000000086100000, 0x0000000086100000| Untracked 
|  24|0x0000000086200000, 0x0000000086200000, 0x0000000086300000|  0%| F|  |TAMS 0x0000000086200000, 0x0000000086200000| Untracked 
|  25|0x0000000086300000, 0x0000000086300000, 0x0000000086400000|  0%| F|  |TAMS 0x0000000086300000, 0x0000000086300000| Untracked 
|  26|0x0000000086400000, 0x0000000086400000, 0x0000000086500000|  0%| F|  |TAMS 0x0000000086400000, 0x0000000086400000| Untracked 
|  27|0x0000000086500000, 0x0000000086500000, 0x0000000086600000|  0%| F|  |TAMS 0x0000000086500000, 0x0000000086500000| Untracked 
|  28|0x0000000086600000, 0x0000000086600000, 0x0000000086700000|  0%| F|  |TAMS 0x0000000086600000, 0x0000000086600000| Untracked 
|  29|0x0000000086700000, 0x0000000086700000, 0x0000000086800000|  0%| F|  |TAMS 0x0000000086700000, 0x0000000086700000| Untracked 
|  30|0x0000000086800000, 0x0000000086800000, 0x0000000086900000|  0%| F|  |TAMS 0x0000000086800000, 0x0000000086800000| Untracked 
|  31|0x0000000086900000, 0x0000000086900000, 0x0000000086a00000|  0%| F|  |TAMS 0x0000000086900000, 0x0000000086900000| Untracked 
|  32|0x0000000086a00000, 0x0000000086a00000, 0x0000000086b00000|  0%| F|  |TAMS 0x0000000086a00000, 0x0000000086a00000| Untracked 
|  33|0x0000000086b00000, 0x0000000086b00000, 0x0000000086c00000|  0%| F|  |TAMS 0x0000000086b00000, 0x0000000086b00000| Untracked 
|  34|0x0000000086c00000, 0x0000000086c00000, 0x0000000086d00000|  0%| F|  |TAMS 0x0000000086c00000, 0x0000000086c00000| Untracked 
|  35|0x0000000086d00000, 0x0000000086d00000, 0x0000000086e00000|  0%| F|  |TAMS 0x0000000086d00000, 0x0000000086d00000| Untracked 
|  36|0x0000000086e00000, 0x0000000086e00000, 0x0000000086f00000|  0%| F|  |TAMS 0x0000000086e00000, 0x0000000086e00000| Untracked 
|  37|0x0000000086f00000, 0x0000000086f00000, 0x0000000087000000|  0%| F|  |TAMS 0x0000000086f00000, 0x0000000086f00000| Untracked 
|  38|0x0000000087000000, 0x0000000087000000, 0x0000000087100000|  0%| F|  |TAMS 0x0000000087000000, 0x0000000087000000| Untracked 
|  39|0x0000000087100000, 0x0000000087100000, 0x0000000087200000|  0%| F|  |TAMS 0x0000000087100000, 0x0000000087100000| Untracked 
|  40|0x0000000087200000, 0x0000000087200000, 0x0000000087300000|  0%| F|  |TAMS 0x0000000087200000, 0x0000000087200000| Untracked 
|  41|0x0000000087300000, 0x0000000087300000, 0x0000000087400000|  0%| F|  |TAMS 0x0000000087300000, 0x0000000087300000| Untracked 
|  42|0x0000000087400000, 0x0000000087400000, 0x0000000087500000|  0%| F|  |TAMS 0x0000000087400000, 0x0000000087400000| Untracked 
|  43|0x0000000087500000, 0x0000000087500000, 0x0000000087600000|  0%| F|  |TAMS 0x0000000087500000, 0x0000000087500000| Untracked 
|  44|0x0000000087600000, 0x0000000087600000, 0x0000000087700000|  0%| F|  |TAMS 0x0000000087600000, 0x0000000087600000| Untracked 
|  45|0x0000000087700000, 0x0000000087700000, 0x0000000087800000|  0%| F|  |TAMS 0x0000000087700000, 0x0000000087700000| Untracked 
|  46|0x0000000087800000, 0x0000000087800000, 0x0000000087900000|  0%| F|  |TAMS 0x0000000087800000, 0x0000000087800000| Untracked 
|  47|0x0000000087900000, 0x0000000087900000, 0x0000000087a00000|  0%| F|  |TAMS 0x0000000087900000, 0x0000000087900000| Untracked 
|  48|0x0000000087a00000, 0x0000000087a00000, 0x0000000087b00000|  0%| F|  |TAMS 0x0000000087a00000, 0x0000000087a00000| Untracked 
|  49|0x0000000087b00000, 0x0000000087b00000, 0x0000000087c00000|  0%| F|  |TAMS 0x0000000087b00000, 0x0000000087b00000| Untracked 
|  50|0x0000000087c00000, 0x0000000087c00000, 0x0000000087d00000|  0%| F|  |TAMS 0x0000000087c00000, 0x0000000087c00000| Untracked 
|  51|0x0000000087d00000, 0x0000000087d00000, 0x0000000087e00000|  0%| F|  |TAMS 0x0000000087d00000, 0x0000000087d00000| Untracked 
|  52|0x0000000087e00000, 0x0000000087e00000, 0x0000000087f00000|  0%| F|  |TAMS 0x0000000087e00000, 0x0000000087e00000| Untracked 
|  53|0x0000000087f00000, 0x0000000087f00000, 0x0000000088000000|  0%| F|  |TAMS 0x0000000087f00000, 0x0000000087f00000| Untracked 
|  54|0x0000000088000000, 0x0000000088000000, 0x0000000088100000|  0%| F|  |TAMS 0x0000000088000000, 0x0000000088000000| Untracked 
|  55|0x0000000088100000, 0x0000000088100000, 0x0000000088200000|  0%| F|  |TAMS 0x0000000088100000, 0x0000000088100000| Untracked 
|  56|0x0000000088200000, 0x0000000088200000, 0x0000000088300000|  0%| F|  |TAMS 0x0000000088200000, 0x0000000088200000| Untracked 
|  57|0x0000000088300000, 0x0000000088300000, 0x0000000088400000|  0%| F|  |TAMS 0x0000000088300000, 0x0000000088300000| Untracked 
|  58|0x0000000088400000, 0x0000000088400000, 0x0000000088500000|  0%| F|  |TAMS 0x0000000088400000, 0x0000000088400000| Untracked 
|  59|0x0000000088500000, 0x0000000088500000, 0x0000000088600000|  0%| F|  |TAMS 0x0000000088500000, 0x0000000088500000| Untracked 
|  60|0x0000000088600000, 0x0000000088600000, 0x0000000088700000|  0%| F|  |TAMS 0x0000000088600000, 0x0000000088600000| Untracked 
|  61|0x0000000088700000, 0x0000000088700000, 0x0000000088800000|  0%| F|  |TAMS 0x0000000088700000, 0x0000000088700000| Untracked 
|  62|0x0000000088800000, 0x0000000088800000, 0x0000000088900000|  0%| F|  |TAMS 0x0000000088800000, 0x0000000088800000| Untracked 
|  63|0x0000000088900000, 0x0000000088900000, 0x0000000088a00000|  0%| F|  |TAMS 0x0000000088900000, 0x0000000088900000| Untracked 
|  64|0x0000000088a00000, 0x0000000088a00000, 0x0000000088b00000|  0%| F|  |TAMS 0x0000000088a00000, 0x0000000088a00000| Untracked 
|  65|0x0000000088b00000, 0x0000000088b00000, 0x0000000088c00000|  0%| F|  |TAMS 0x0000000088b00000, 0x0000000088b00000| Untracked 
|  66|0x0000000088c00000, 0x0000000088c00000, 0x0000000088d00000|  0%| F|  |TAMS 0x0000000088c00000, 0x0000000088c00000| Untracked 
|  67|0x0000000088d00000, 0x0000000088d00000, 0x0000000088e00000|  0%| F|  |TAMS 0x0000000088d00000, 0x0000000088d00000| Untracked 
|  68|0x0000000088e00000, 0x0000000088e00000, 0x0000000088f00000|  0%| F|  |TAMS 0x0000000088e00000, 0x0000000088e00000| Untracked 
|  69|0x0000000088f00000, 0x0000000088f00000, 0x0000000089000000|  0%| F|  |TAMS 0x0000000088f00000, 0x0000000088f00000| Untracked 
|  70|0x0000000089000000, 0x0000000089000000, 0x0000000089100000|  0%| F|  |TAMS 0x0000000089000000, 0x0000000089000000| Untracked 
|  71|0x0000000089100000, 0x0000000089100000, 0x0000000089200000|  0%| F|  |TAMS 0x0000000089100000, 0x0000000089100000| Untracked 
|  72|0x0000000089200000, 0x0000000089200000, 0x0000000089300000|  0%| F|  |TAMS 0x0000000089200000, 0x0000000089200000| Untracked 
|  73|0x0000000089300000, 0x0000000089300000, 0x0000000089400000|  0%| F|  |TAMS 0x0000000089300000, 0x0000000089300000| Untracked 
|  74|0x0000000089400000, 0x0000000089400000, 0x0000000089500000|  0%| F|  |TAMS 0x0000000089400000, 0x0000000089400000| Untracked 
|  75|0x0000000089500000, 0x0000000089500000, 0x0000000089600000|  0%| F|  |TAMS 0x0000000089500000, 0x0000000089500000| Untracked 
|  76|0x0000000089600000, 0x0000000089600000, 0x0000000089700000|  0%| F|  |TAMS 0x0000000089600000, 0x0000000089600000| Untracked 
|  77|0x0000000089700000, 0x0000000089700000, 0x0000000089800000|  0%| F|  |TAMS 0x0000000089700000, 0x0000000089700000| Untracked 
|  78|0x0000000089800000, 0x0000000089800000, 0x0000000089900000|  0%| F|  |TAMS 0x0000000089800000, 0x0000000089800000| Untracked 
|  79|0x0000000089900000, 0x0000000089900000, 0x0000000089a00000|  0%| F|  |TAMS 0x0000000089900000, 0x0000000089900000| Untracked 
|  80|0x0000000089a00000, 0x0000000089a00000, 0x0000000089b00000|  0%| F|  |TAMS 0x0000000089a00000, 0x0000000089a00000| Untracked 
|  81|0x0000000089b00000, 0x0000000089b00000, 0x0000000089c00000|  0%| F|  |TAMS 0x0000000089b00000, 0x0000000089b00000| Untracked 
|  82|0x0000000089c00000, 0x0000000089c00000, 0x0000000089d00000|  0%| F|  |TAMS 0x0000000089c00000, 0x0000000089c00000| Untracked 
|  83|0x0000000089d00000, 0x0000000089d00000, 0x0000000089e00000|  0%| F|  |TAMS 0x0000000089d00000, 0x0000000089d00000| Untracked 
|  84|0x0000000089e00000, 0x0000000089e00000, 0x0000000089f00000|  0%| F|  |TAMS 0x0000000089e00000, 0x0000000089e00000| Untracked 
|  85|0x0000000089f00000, 0x0000000089f00000, 0x000000008a000000|  0%| F|  |TAMS 0x0000000089f00000, 0x0000000089f00000| Untracked 
|  86|0x000000008a000000, 0x000000008a000000, 0x000000008a100000|  0%| F|  |TAMS 0x000000008a000000, 0x000000008a000000| Untracked 
|  87|0x000000008a100000, 0x000000008a100000, 0x000000008a200000|  0%| F|  |TAMS 0x000000008a100000, 0x000000008a100000| Untracked 
|  88|0x000000008a200000, 0x000000008a200000, 0x000000008a300000|  0%| F|  |TAMS 0x000000008a200000, 0x000000008a200000| Untracked 
|  89|0x000000008a300000, 0x000000008a300000, 0x000000008a400000|  0%| F|  |TAMS 0x000000008a300000, 0x000000008a300000| Untracked 
|  90|0x000000008a400000, 0x000000008a400000, 0x000000008a500000|  0%| F|  |TAMS 0x000000008a400000, 0x000000008a400000| Untracked 
|  91|0x000000008a500000, 0x000000008a500000, 0x000000008a600000|  0%| F|  |TAMS 0x000000008a500000, 0x000000008a500000| Untracked 
|  92|0x000000008a600000, 0x000000008a600000, 0x000000008a700000|  0%| F|  |TAMS 0x000000008a600000, 0x000000008a600000| Untracked 
|  93|0x000000008a700000, 0x000000008a700000, 0x000000008a800000|  0%| F|  |TAMS 0x000000008a700000, 0x000000008a700000| Untracked 
|  94|0x000000008a800000, 0x000000008a800000, 0x000000008a900000|  0%| F|  |TAMS 0x000000008a800000, 0x000000008a800000| Untracked 
|  95|0x000000008a900000, 0x000000008a900000, 0x000000008aa00000|  0%| F|  |TAMS 0x000000008a900000, 0x000000008a900000| Untracked 
|  96|0x000000008aa00000, 0x000000008aa00000, 0x000000008ab00000|  0%| F|  |TAMS 0x000000008aa00000, 0x000000008aa00000| Untracked 
|  97|0x000000008ab00000, 0x000000008ab00000, 0x000000008ac00000|  0%| F|  |TAMS 0x000000008ab00000, 0x000000008ab00000| Untracked 
|  98|0x000000008ac00000, 0x000000008ac00000, 0x000000008ad00000|  0%| F|  |TAMS 0x000000008ac00000, 0x000000008ac00000| Untracked 
|  99|0x000000008ad00000, 0x000000008ad00000, 0x000000008ae00000|  0%| F|  |TAMS 0x000000008ad00000, 0x000000008ad00000| Untracked 
| 100|0x000000008ae00000, 0x000000008ae00000, 0x000000008af00000|  0%| F|  |TAMS 0x000000008ae00000, 0x000000008ae00000| Untracked 
| 101|0x000000008af00000, 0x000000008af00000, 0x000000008b000000|  0%| F|  |TAMS 0x000000008af00000, 0x000000008af00000| Untracked 
| 102|0x000000008b000000, 0x000000008b000000, 0x000000008b100000|  0%| F|  |TAMS 0x000000008b000000, 0x000000008b000000| Untracked 
| 103|0x000000008b100000, 0x000000008b100000, 0x000000008b200000|  0%| F|  |TAMS 0x000000008b100000, 0x000000008b100000| Untracked 
| 104|0x000000008b200000, 0x000000008b200000, 0x000000008b300000|  0%| F|  |TAMS 0x000000008b200000, 0x000000008b200000| Untracked 
| 105|0x000000008b300000, 0x000000008b300000, 0x000000008b400000|  0%| F|  |TAMS 0x000000008b300000, 0x000000008b300000| Untracked 
| 106|0x000000008b400000, 0x000000008b400000, 0x000000008b500000|  0%| F|  |TAMS 0x000000008b400000, 0x000000008b400000| Untracked 
| 107|0x000000008b500000, 0x000000008b500000, 0x000000008b600000|  0%| F|  |TAMS 0x000000008b500000, 0x000000008b500000| Untracked 
| 108|0x000000008b600000, 0x000000008b600000, 0x000000008b700000|  0%| F|  |TAMS 0x000000008b600000, 0x000000008b600000| Untracked 
| 109|0x000000008b700000, 0x000000008b700000, 0x000000008b800000|  0%| F|  |TAMS 0x000000008b700000, 0x000000008b700000| Untracked 
| 110|0x000000008b800000, 0x000000008b800000, 0x000000008b900000|  0%| F|  |TAMS 0x000000008b800000, 0x000000008b800000| Untracked 
| 111|0x000000008b900000, 0x000000008b900000, 0x000000008ba00000|  0%| F|  |TAMS 0x000000008b900000, 0x000000008b900000| Untracked 
| 112|0x000000008ba00000, 0x000000008ba00000, 0x000000008bb00000|  0%| F|  |TAMS 0x000000008ba00000, 0x000000008ba00000| Untracked 
| 113|0x000000008bb00000, 0x000000008bb00000, 0x000000008bc00000|  0%| F|  |TAMS 0x000000008bb00000, 0x000000008bb00000| Untracked 
| 114|0x000000008bc00000, 0x000000008bcf4270, 0x000000008bd00000| 95%| E|  |TAMS 0x000000008bc00000, 0x000000008bc00000| Complete 
| 115|0x000000008bd00000, 0x000000008be00000, 0x000000008be00000|100%| E|CS|TAMS 0x000000008bd00000, 0x000000008bd00000| Complete 
| 116|0x000000008be00000, 0x000000008bf00000, 0x000000008bf00000|100%| E|CS|TAMS 0x000000008be00000, 0x000000008be00000| Complete 
| 117|0x000000008bf00000, 0x000000008c000000, 0x000000008c000000|100%| E|CS|TAMS 0x000000008bf00000, 0x000000008bf00000| Complete 
| 118|0x000000008c000000, 0x000000008c100000, 0x000000008c100000|100%| E|CS|TAMS 0x000000008c000000, 0x000000008c000000| Complete 
| 119|0x000000008c100000, 0x000000008c200000, 0x000000008c200000|100%| E|CS|TAMS 0x000000008c100000, 0x000000008c100000| Complete 
| 120|0x000000008c200000, 0x000000008c300000, 0x000000008c300000|100%| E|  |TAMS 0x000000008c200000, 0x000000008c200000| Complete 
| 121|0x000000008c300000, 0x000000008c400000, 0x000000008c400000|100%| E|CS|TAMS 0x000000008c300000, 0x000000008c300000| Complete 
| 122|0x000000008c400000, 0x000000008c500000, 0x000000008c500000|100%| E|CS|TAMS 0x000000008c400000, 0x000000008c400000| Complete 
| 123|0x000000008c500000, 0x000000008c600000, 0x000000008c600000|100%| E|CS|TAMS 0x000000008c500000, 0x000000008c500000| Complete 

Card table byte_map: [0x000001afb4410000,0x000001afb47f0000] _byte_map_base: 0x000001afb3feb000

Marking Bits (Prev, Next): (CMBitMap*) 0x000001af9cf92a30, (CMBitMap*) 0x000001af9cf92a70
 Prev Bits: [0x000001afb4bd0000, 0x000001afb6aa8000)
 Next Bits: [0x000001afb6ab0000, 0x000001afb8988000)

Polling page: 0x000001af9aeb0000

Metaspace:

Usage:
  Non-class:      2.12 MB used.
      Class:    242.15 KB used.
       Both:      2.36 MB used.

Virtual space:
  Non-class space:        8.00 MB reserved,       2.25 MB ( 28%) committed,  1 nodes.
      Class space:        1.00 GB reserved,     320.00 KB ( <1%) committed,  1 nodes.
             Both:        1.01 GB reserved,       2.56 MB ( <1%) committed. 

Chunk freelists:
   Non-Class:  3.50 MB
       Class:  3.65 MB
        Both:  7.14 MB

MaxMetaspaceSize: unlimited
CompressedClassSpaceSize: 1.00 GB
Initial GC threshold: 21.00 MB
Current GC threshold: 21.00 MB
CDS: on
MetaspaceReclaimPolicy: balanced
 - commit_granule_bytes: 65536.
 - commit_granule_words: 8192.
 - virtual_space_node_default_size: 1048576.
 - enlarge_chunks_in_place: 1.
 - new_chunks_are_fully_committed: 0.
 - uncommit_free_chunks: 1.
 - use_allocation_guard: 0.
 - handle_deallocations: 1.


Internal statistics:

num_allocs_failed_limit: 0.
num_arena_births: 68.
num_arena_deaths: 0.
num_vsnodes_births: 2.
num_vsnodes_deaths: 0.
num_space_committed: 41.
num_space_uncommitted: 0.
num_chunks_returned_to_freelist: 0.
num_chunks_taken_from_freelist: 105.
num_chunk_merges: 0.
num_chunk_splits: 65.
num_chunks_enlarged: 41.
num_purges: 0.
num_inconsistent_stats: 0.

CodeHeap 'non-profiled nmethods': size=119168Kb used=211Kb max_used=211Kb free=118956Kb
 bounds [0x000001afac350000, 0x000001afac5c0000, 0x000001afb37b0000]
CodeHeap 'profiled nmethods': size=119104Kb used=986Kb max_used=986Kb free=118117Kb
 bounds [0x000001afa47b0000, 0x000001afa4a20000, 0x000001afabc00000]
CodeHeap 'non-nmethods': size=7488Kb used=2847Kb max_used=2861Kb free=4640Kb
 bounds [0x000001afabc00000, 0x000001afabed0000, 0x000001afac350000]
 total_blobs=1101 nmethods=662 adapters=349
 compilation: enabled
              stopped_count=0, restarted_count=0
 full_count=0

Compilation events (20 events):
Event: 0.177 Thread 0x000001afbc502700 nmethod 574 0x000001afa487b310 code [0x000001afa487b4a0, 0x000001afa487b5d8]
Event: 0.178 Thread 0x000001afbc4e1540  576       1       java.util.Formatter$Flags::valueOf (5 bytes)
Event: 0.178 Thread 0x000001afbc4e1540 nmethod 576 0x000001afac381590 code [0x000001afac381720, 0x000001afac3817f8]
Event: 0.179 Thread 0x000001afbc4e1540  577       1       sun.util.locale.BaseLocale::getLanguage (5 bytes)
Event: 0.179 Thread 0x000001afbc4e1540 nmethod 577 0x000001afac381890 code [0x000001afac381a20, 0x000001afac381af8]
Event: 0.179 Thread 0x000001afbc4dfff0  578       3       sun.util.locale.LocaleUtils::isUpper (18 bytes)
Event: 0.179 Thread 0x000001afbc4dfff0 nmethod 578 0x000001afa487b690 code [0x000001afa487b820, 0x000001afa487b998]
Event: 0.180 Thread 0x000001afbb615500  579       3       java.lang.invoke.MethodHandleNatives::refKindIsField (32 bytes)
Event: 0.180 Thread 0x000001afbc4e1540  580       1       java.lang.invoke.MethodHandles$Lookup::previousLookupClass (5 bytes)
Event: 0.180 Thread 0x000001afbb615500 nmethod 579 0x000001afa487ba10 code [0x000001afa487bba0, 0x000001afa487bcf8]
Event: 0.180 Thread 0x000001afbc4e1540 nmethod 580 0x000001afac381b90 code [0x000001afac381d20, 0x000001afac381df8]
Event: 0.180 Thread 0x000001afbc4e1540  581       3       java.util.StringTokenizer::skipDelimiters (116 bytes)
Event: 0.180 Thread 0x000001afbb615500  582       3       java.util.StringTokenizer::scanToken (179 bytes)
Event: 0.181 Thread 0x000001afbc4e1540 nmethod 581 0x000001afa487bd90 code [0x000001afa487c040, 0x000001afa487cd68]
Event: 0.181 Thread 0x000001afbc4e1540  583       3       java.util.StringTokenizer::hasMoreTokens (29 bytes)
Event: 0.181 Thread 0x000001afbc4dfff0  584       3       java.util.StringTokenizer::nextToken (92 bytes)
Event: 0.181 Thread 0x000001afbc4e1540 nmethod 583 0x000001afa487d210 code [0x000001afa487d3c0, 0x000001afa487d568]
Event: 0.181 Thread 0x000001afbc4dfff0 nmethod 584 0x000001afa487d610 code [0x000001afa487d7e0, 0x000001afa487db18]
Event: 0.181 Thread 0x000001afbb615500 nmethod 582 0x000001afa487dc90 code [0x000001afa487e000, 0x000001afa487f618]
Event: 0.181 Thread 0x000001afbb60b6f0  585       4       java.util.HashMap::put (13 bytes)

GC Heap History (0 events):
No events

Deoptimization events (20 events):
Event: 0.098 Thread 0x000001af9cf36fe0 Uncommon trap: trap_request=0xffffff45 fr.pc=0x000001afac363850 relative=0x00000000000001b0
Event: 0.098 Thread 0x000001af9cf36fe0 Uncommon trap: reason=unstable_if action=reinterpret pc=0x000001afac363850 method=java.util.zip.ZipFile$Source.isMetaName([BII)Z @ 82 c2
Event: 0.098 Thread 0x000001af9cf36fe0 DEOPT PACKING pc=0x000001afac363850 sp=0x0000003aca7fe000
Event: 0.098 Thread 0x000001af9cf36fe0 DEOPT UNPACKING pc=0x000001afabc55ba3 sp=0x0000003aca7fdfa8 mode 2
Event: 0.100 Thread 0x000001af9cf36fe0 DEOPT PACKING pc=0x000001afa47c10e7 sp=0x0000003aca7fdd70
Event: 0.100 Thread 0x000001af9cf36fe0 DEOPT UNPACKING pc=0x000001afabc566e3 sp=0x0000003aca7fd190 mode 0
Event: 0.106 Thread 0x000001af9cf36fe0 DEOPT PACKING pc=0x000001afa47b86d1 sp=0x0000003aca7fdd30
Event: 0.106 Thread 0x000001af9cf36fe0 DEOPT UNPACKING pc=0x000001afabc566e3 sp=0x0000003aca7fd1a8 mode 0
Event: 0.112 Thread 0x000001af9cf36fe0 Uncommon trap: trap_request=0xffffff45 fr.pc=0x000001afac367a10 relative=0x0000000000000170
Event: 0.112 Thread 0x000001af9cf36fe0 Uncommon trap: reason=unstable_if action=reinterpret pc=0x000001afac367a10 method=java.util.zip.ZipFile$Source.isMetaName([BII)Z @ 57 c2
Event: 0.112 Thread 0x000001af9cf36fe0 DEOPT PACKING pc=0x000001afac367a10 sp=0x0000003aca7fe000
Event: 0.113 Thread 0x000001af9cf36fe0 DEOPT UNPACKING pc=0x000001afabc55ba3 sp=0x0000003aca7fdfa8 mode 2
Event: 0.117 Thread 0x000001af9cf36fe0 Uncommon trap: trap_request=0xffffff45 fr.pc=0x000001afac35b7dc relative=0x000000000000005c
Event: 0.117 Thread 0x000001af9cf36fe0 Uncommon trap: reason=unstable_if action=reinterpret pc=0x000001afac35b7dc method=java.lang.String.isLatin1()Z @ 10 c2
Event: 0.117 Thread 0x000001af9cf36fe0 DEOPT PACKING pc=0x000001afac35b7dc sp=0x0000003aca7fe510
Event: 0.117 Thread 0x000001af9cf36fe0 DEOPT UNPACKING pc=0x000001afabc55ba3 sp=0x0000003aca7fe4a0 mode 2
Event: 0.117 Thread 0x000001af9cf36fe0 Uncommon trap: trap_request=0xffffff45 fr.pc=0x000001afac3515f4 relative=0x0000000000000074
Event: 0.117 Thread 0x000001af9cf36fe0 Uncommon trap: reason=unstable_if action=reinterpret pc=0x000001afac3515f4 method=java.lang.String.isLatin1()Z @ 10 c2
Event: 0.117 Thread 0x000001af9cf36fe0 DEOPT PACKING pc=0x000001afac3515f4 sp=0x0000003aca7feea0
Event: 0.117 Thread 0x000001af9cf36fe0 DEOPT UNPACKING pc=0x000001afabc55ba3 sp=0x0000003aca7fede0 mode 2

Classes unloaded (0 events):
No events

Classes redefined (0 events):
No events

Internal exceptions (5 events):
Event: 0.118 Thread 0x000001afbc7f5170 Exception <a 'java/lang/NoSuchMethodError'{0x000000008c0fca48}: 'java.lang.Object java.lang.invoke.DirectMethodHandle$Holder.invokeStaticInit(java.lang.Object)'> (0x000000008c0fca48) 
thrown [s\open\src\hotspot\share\interpreter\linkResolver.cpp, line 759]
Event: 0.124 Thread 0x000001afbc7f5170 Exception <a 'java/lang/NoSuchMethodError'{0x000000008bf80d90}: 'void java.lang.invoke.DirectMethodHandle$Holder.invokeStatic(java.lang.Object, java.lang.Object)'> (0x000000008bf80d90) 
thrown [s\open\src\hotspot\share\interpreter\linkResolver.cpp, line 759]
Event: 0.127 Thread 0x000001af9cf36fe0 Exception <a 'java/lang/NoSuchMethodError'{0x000000008bf436f8}: 'java.lang.Object java.lang.invoke.DirectMethodHandle$Holder.newInvokeSpecial(java.lang.Object, java.lang.Object, java.lang.Object, java.lang.Object, java.lang.Object)'> (0x000000008bf436f8) 
thrown [s\open\src\hotspot\share\interpreter\linkResolver.cpp, line 759]
Event: 0.170 Thread 0x000001afbc9228d0 Exception <a 'java/lang/NoSuchMethodError'{0x000000008bd61e90}: 'void java.lang.invoke.DirectMethodHandle$Holder.invokeSpecial(java.lang.Object, java.lang.Object, java.lang.Object)'> (0x000000008bd61e90) 
thrown [s\open\src\hotspot\share\interpreter\linkResolver.cpp, line 759]
Event: 0.174 Thread 0x000001afbc9228d0 Exception <a 'java/lang/ClassNotFoundException'{0x000000008bd8df08}: sun/util/logging/resources/spi/loggingProvider> (0x000000008bd8df08) 
thrown [s\open\src\hotspot\share\classfile\systemDictionary.cpp, line 256]

VM Operations (2 events):
Event: 0.118 Executing VM operation: HandshakeAllThreads
Event: 0.118 Executing VM operation: HandshakeAllThreads done

Events (20 events):
Event: 0.175 loading class sun/util/logging/resources/logging_en
Event: 0.175 loading class sun/util/logging/resources/logging_en done
Event: 0.176 loading class sun/util/logging/resources/logging_en_US
Event: 0.176 loading class sun/util/logging/resources/logging_en_US done
Event: 0.176 loading class sun/util/logging/resources/logging_en_US
Event: 0.176 loading class sun/util/logging/resources/logging_en_US done
Event: 0.178 loading class java/util/Formatter$DateTime
Event: 0.178 loading class java/util/Formatter$DateTime done
Event: 0.178 loading class java/util/Formatter$FixedString
Event: 0.178 loading class java/util/Formatter$FixedString done
Event: 0.178 loading class java/time/ZonedDateTime$1
Event: 0.178 loading class java/time/ZonedDateTime$1 done
Event: 0.179 loading class jdk/internal/module/ModulePatcher$PatchedModuleReader
Event: 0.180 loading class jdk/internal/module/ModulePatcher$PatchedModuleReader done
Event: 0.180 loading class sun/net/www/protocol/jrt/Handler
Event: 0.180 loading class sun/net/www/protocol/jrt/Handler done
Event: 0.181 loading class sun/text/resources/cldr/FormatData_en
Event: 0.183 loading class sun/text/resources/cldr/FormatData_en done
Event: 0.183 loading class sun/text/resources/cldr/FormatData_en_US
Event: 0.183 loading class sun/text/resources/cldr/FormatData_en_US done


Dynamic libraries:
0x00007ff712b70000 - 0x00007ff712b80000 	C:\Program Files\Java\jdk-17\bin\java.exe
0x00007ffb447b0000 - 0x00007ffb449c7000 	C:\WINDOWS\SYSTEM32\ntdll.dll
0x00007ffb439d0000 - 0x00007ffb43a94000 	C:\WINDOWS\System32\KERNEL32.DLL
0x00007ffb41db0000 - 0x00007ffb4215d000 	C:\WINDOWS\System32\KERNELBASE.dll
0x00007ffb41c90000 - 0x00007ffb41da1000 	C:\WINDOWS\System32\ucrtbase.dll
0x00007ffb29620000 - 0x00007ffb2963b000 	C:\Program Files\Java\jdk-17\bin\VCRUNTIME140.dll
0x00007ffb2f790000 - 0x00007ffb2f7a8000 	C:\Program Files\Java\jdk-17\bin\jli.dll
0x00007ffb44140000 - 0x00007ffb441f2000 	C:\WINDOWS\System32\ADVAPI32.dll
0x00007ffb424e0000 - 0x00007ffb42587000 	C:\WINDOWS\System32\msvcrt.dll
0x00007ffb43920000 - 0x00007ffb439c9000 	C:\WINDOWS\System32\sechost.dll
0x00007ffb41c30000 - 0x00007ffb41c58000 	C:\WINDOWS\System32\bcrypt.dll
0x00007ffb436f0000 - 0x00007ffb43804000 	C:\WINDOWS\System32\RPCRT4.dll
0x00007ffb42590000 - 0x00007ffb4273e000 	C:\WINDOWS\System32\USER32.dll
0x00007ffb41c60000 - 0x00007ffb41c86000 	C:\WINDOWS\System32\win32u.dll
0x00007ffb2d770000 - 0x00007ffb2da03000 	C:\WINDOWS\WinSxS\amd64_microsoft.windows.common-controls_6595b64144ccf1df_6.0.22621.3672_none_2713b9d173822955\COMCTL32.dll
0x00007ffb44740000 - 0x00007ffb44769000 	C:\WINDOWS\System32\GDI32.dll
0x00007ffb42340000 - 0x00007ffb42459000 	C:\WINDOWS\System32\gdi32full.dll
0x00007ffb41b90000 - 0x00007ffb41c2a000 	C:\WINDOWS\System32\msvcp_win.dll
0x00007ffb3b3c0000 - 0x00007ffb3b3ca000 	C:\WINDOWS\SYSTEM32\VERSION.dll
0x00007ffb436b0000 - 0x00007ffb436e1000 	C:\WINDOWS\System32\IMM32.DLL
0x00007ffb3b5c0000 - 0x00007ffb3b5cc000 	C:\Program Files\Java\jdk-17\bin\vcruntime140_1.dll
0x00007ffb162b0000 - 0x00007ffb1633e000 	C:\Program Files\Java\jdk-17\bin\msvcp140.dll
0x00007ffad3930000 - 0x00007ffad4507000 	C:\Program Files\Java\jdk-17\bin\server\jvm.dll
0x00007ffb43480000 - 0x00007ffb43488000 	C:\WINDOWS\System32\PSAPI.DLL
0x00007ffb39210000 - 0x00007ffb39244000 	C:\WINDOWS\SYSTEM32\WINMM.dll
0x00007ffb38a80000 - 0x00007ffb38a89000 	C:\WINDOWS\SYSTEM32\WSOCK32.dll
0x00007ffb43320000 - 0x00007ffb43391000 	C:\WINDOWS\System32\WS2_32.dll
0x00007ffb40c10000 - 0x00007ffb40c28000 	C:\WINDOWS\SYSTEM32\kernel.appcore.dll
0x00007ffb38a90000 - 0x00007ffb38a9a000 	C:\Program Files\Java\jdk-17\bin\jimage.dll
0x00007ffb3f480000 - 0x00007ffb3f6b2000 	C:\WINDOWS\SYSTEM32\DBGHELP.DLL
0x00007ffb44340000 - 0x00007ffb446ce000 	C:\WINDOWS\System32\combase.dll
0x00007ffb433a0000 - 0x00007ffb43477000 	C:\WINDOWS\System32\OLEAUT32.dll
0x00007ffb382b0000 - 0x00007ffb382e2000 	C:\WINDOWS\SYSTEM32\dbgcore.DLL
0x00007ffb42460000 - 0x00007ffb424db000 	C:\WINDOWS\System32\bcryptPrimitives.dll
0x00007ffb374e0000 - 0x00007ffb374ee000 	C:\Program Files\Java\jdk-17\bin\instrument.dll
0x00007ffb20130000 - 0x00007ffb20155000 	C:\Program Files\Java\jdk-17\bin\java.dll
0x00007ffb161d0000 - 0x00007ffb162a7000 	C:\Program Files\Java\jdk-17\bin\jsvml.dll
0x00007ffb42ab0000 - 0x00007ffb43317000 	C:\WINDOWS\System32\SHELL32.dll
0x00007ffb3fa60000 - 0x00007ffb4035f000 	C:\WINDOWS\SYSTEM32\windows.storage.dll
0x00007ffb3f910000 - 0x00007ffb3fa4f000 	C:\WINDOWS\SYSTEM32\wintypes.dll
0x00007ffb427a0000 - 0x00007ffb42899000 	C:\WINDOWS\System32\SHCORE.dll
0x00007ffb42740000 - 0x00007ffb4279e000 	C:\WINDOWS\System32\shlwapi.dll
0x00007ffb41a00000 - 0x00007ffb41a27000 	C:\WINDOWS\SYSTEM32\profapi.dll
0x00007ffb16620000 - 0x00007ffb16638000 	C:\Program Files\Java\jdk-17\bin\zip.dll
0x00007ffb1ca00000 - 0x00007ffb1ca19000 	C:\Program Files\Java\jdk-17\bin\net.dll
0x00007ffb3a830000 - 0x00007ffb3a966000 	C:\WINDOWS\SYSTEM32\WINHTTP.dll
0x00007ffb41080000 - 0x00007ffb410e9000 	C:\WINDOWS\system32\mswsock.dll
0x00007ffb166f0000 - 0x00007ffb16706000 	C:\Program Files\Java\jdk-17\bin\nio.dll
0x00007ffb16360000 - 0x00007ffb1637a000 	C:\Program Files\JetBrains\IntelliJ IDEA 2022.3.1\bin\breakgen64.dll

dbghelp: loaded successfully - version: 4.0.5 - missing functions: none
symbol engine: initialized successfully - sym options: 0x614 - pdb path: .;C:\Program Files\Java\jdk-17\bin;C:\WINDOWS\SYSTEM32;C:\WINDOWS\WinSxS\amd64_microsoft.windows.common-controls_6595b64144ccf1df_6.0.22621.3672_none_2713b9d173822955;C:\Program Files\Java\jdk-17\bin\server;C:\Program Files\JetBrains\IntelliJ IDEA 2022.3.1\bin

VM Arguments:
jvm_args: -javaagent:C:\Program Files\JetBrains\IntelliJ IDEA 2022.3.1\lib\idea_rt.jar=14140:C:\Program Files\JetBrains\IntelliJ IDEA 2022.3.1\bin -Dfile.encoding=UTF-8 
java_command: LauncherWrapper
java_class_path (initial): C:\Users\Public\Documents\ijse\layered_mapping\target\classes;C:\Users\Buddhi\.m2\repository\org\hibernate\orm\hibernate-core\6.2.6.Final\hibernate-core-6.2.6.Final.jar;C:\Users\Buddhi\.m2\repository\jakarta\persistence\jakarta.persistence-api\3.1.0\jakarta.persistence-api-3.1.0.jar;C:\Users\Buddhi\.m2\repository\jakarta\transaction\jakarta.transaction-api\2.0.1\jakarta.transaction-api-2.0.1.jar;C:\Users\Buddhi\.m2\repository\org\jboss\logging\jboss-logging\3.5.0.Final\jboss-logging-3.5.0.Final.jar;C:\Users\Buddhi\.m2\repository\org\hibernate\common\hibernate-commons-annotations\6.0.6.Final\hibernate-commons-annotations-6.0.6.Final.jar;C:\Users\Buddhi\.m2\repository\io\smallrye\jandex\3.0.5\jandex-3.0.5.jar;C:\Users\Buddhi\.m2\repository\com\fasterxml\classmate\1.5.1\classmate-1.5.1.jar;C:\Users\Buddhi\.m2\repository\net\bytebuddy\byte-buddy\1.12.18\byte-buddy-1.12.18.jar;C:\Users\Buddhi\.m2\repository\jakarta\xml\bind\jakarta.xml.bind-api\4.0.0\jakarta.xml.bind-api-4.0.0.jar;C:\Users\Buddhi\.m2\repository\jakarta\activation\jakarta.activation-api\2.1.0\jakarta.activation-api-2.1.0.jar;C:\Users\Buddhi\.m2\repository\org\glassfish\jaxb\jaxb-runtime\4.0.2\jaxb-runtime-4.0.2.jar;C:\Users\Buddhi\.m2\repository\org\glassfish\jaxb\jaxb-core\4.0.2\jaxb-core-4.0.2.jar;C:\Users\Buddhi\.m2\repository\org\eclipse\angus\angus-activation\2.0.0\angus-activation-2.0.0.jar;C:\Users\Buddhi\.m2\repository\org\glassfish\jaxb\txw2\4.0.2\txw2-4.0.2.jar;C:\Users\Buddhi\.m2\repository\com\sun\istack\istack-commons-runtime\4.1.1\istack-commons-runtime-4.1.1.jar;C:\Users\Buddhi\.m2\repository\jakarta\inject\jakarta.inject-api\2.0.1\jakarta.inject-api-2.0.1.jar;C:\Users\Buddhi\.m2\repository\org\antlr\antlr4-runtime\4.10.1\antlr4-runtime-4.10.1.jar;C:\Users\Buddhi\.m2\repository\com\mysql\mysql-connector-j\8.3.0\mysql-connector-j-8.3.0.jar;C:\Users\Buddhi\.m2\repository\com\google\protobuf\protobuf-java\3.25.1\protobuf-java-3.25.1.jar;C:\Users\Buddhi\.m2\reposito
Launcher Type: SUN_STANDARD

[Global flags]
     intx CICompilerCount                          = 12                                        {product} {ergonomic}
     uint ConcGCThreads                            = 3                                         {product} {ergonomic}
     uint G1ConcRefinementThreads                  = 13                                        {product} {ergonomic}
   size_t G1HeapRegionSize                         = 1048576                                   {product} {ergonomic}
    uintx GCDrainStackTargetSize                   = 64                                        {product} {ergonomic}
   size_t InitialHeapSize                          = 130023424                                 {product} {ergonomic}
   size_t MarkStackSize                            = 4194304                                   {product} {ergonomic}
   size_t MaxHeapSize                              = 2069889024                                {product} {ergonomic}
   size_t MaxNewSize                               = 1241513984                                {product} {ergonomic}
   size_t MinHeapDeltaBytes                        = 1048576                                   {product} {ergonomic}
   size_t MinHeapSize                              = 8388608                                   {product} {ergonomic}
    uintx NonNMethodCodeHeapSize                   = 7602480                                {pd product} {ergonomic}
    uintx NonProfiledCodeHeapSize                  = 122027880                              {pd product} {ergonomic}
    uintx ProfiledCodeHeapSize                     = 122027880                              {pd product} {ergonomic}
    uintx ReservedCodeCacheSize                    = 251658240                              {pd product} {ergonomic}
     bool SegmentedCodeCache                       = true                                      {product} {ergonomic}
   size_t SoftMaxHeapSize                          = 2069889024                             {manageable} {ergonomic}
     bool UseCompressedClassPointers               = true                           {product lp64_product} {ergonomic}
     bool UseCompressedOops                        = true                           {product lp64_product} {ergonomic}
     bool UseG1GC                                  = true                                      {product} {ergonomic}
     bool UseLargePagesIndividualAllocation        = false                                  {pd product} {ergonomic}

Logging:
Log output configuration:
 #0: stdout all=warning uptime,level,tags
 #1: stderr all=off uptime,level,tags

Environment Variables:
JAVA_HOME=C:\Program Files\Java\jdk-17
PATH=C:\Program Files (x86)\Common Files\Oracle\Java\javapath;C:\Program Files\Common Files\Oracle\Java\javapath;C:\Windows\system32;C:\Windows;C:\Windows\System32\Wbem;C:\Windows\System32\WindowsPowerShell\v1.0\;C:\Windows\System32\OpenSSH\;C:\Program Files (x86)\NVIDIA Corporation\PhysX\Common;C:\Program Files\NVIDIA Corporation\NVIDIA NvDLISR;C:\Program Files\Java\jdk-17\bin;C:\Program Files\apache-maven-3.8.7\bin;C:\WINDOWS\system32;C:\WINDOWS;C:\WINDOWS\System32\Wbem;C:\WINDOWS\System32\WindowsPowerShell\v1.0\;C:\WINDOWS\System32\OpenSSH\;C:\Program Files\Git\cmd;C:\Program Files\MySQL\MySQL Shell 8.0\bin\;C:\Users\Buddhi\AppData\Local\Microsoft\WindowsApps;C:\Users\Buddhi\AppData\Local\Programs\Microsoft VS Code\bin;C:\Program Files\JetBrains\IntelliJ IDEA 2022.3.1\bin;;C:\Program Files\apache-maven-3.8.7\apache-maven\src;
USERNAME=Buddhi
OS=Windows_NT
PROCESSOR_IDENTIFIER=Intel64 Family 6 Model 141 Stepping 1, GenuineIntel



---------------  S Y S T E M  ---------------

OS:
 Windows 11 , 64 bit Build 22621 (10.0.22621.3958)
OS uptime: 8 days 23:04 hours

CPU: total 16 (initial active 16) (8 cores per cpu, 2 threads per core) family 6 model 141 stepping 1 microcode 0x26, cx8, cmov, fxsr, ht, mmx, 3dnowpref, sse, sse2, sse3, ssse3, sse4.1, sse4.2, popcnt, lzcnt, tsc, tscinvbit, avx, avx2, aes, erms, clmul, bmi1, bmi2, adx, avx512f, avx512dq, avx512cd, avx512bw, avx512vl, sha, fma, vzeroupper, avx512_vpopcntdq, avx512_vpclmulqdq, avx512_vaes, avx512_vnni, clflush, clflushopt, clwb, avx512_vbmi2, avx512_vbmi

Memory: 4k page, system-wide physical 7893M (481M free)
TotalPageFile size 16085M (AvailPageFile size 1M)
current process WorkingSet (physical memory assigned to process): 52M, peak: 52M
current process commit charge ("private bytes"): 224M, peak: 224M

vm_info: Java HotSpot(TM) 64-Bit Server VM (17.0.6+9-LTS-190) for windows-amd64 JRE (17.0.6+9-LTS-190), built on Dec  6 2022 15:53:54 by "mach5one" with MS VC++ 17.1 (VS2022)

END.
