#
# There is insufficient memory for the Java Runtime Environment to continue.
# Native memory allocation (malloc) failed to allocate 1101856 bytes for Chunk::new
# Possible reasons:
#   The system is out of physical RAM or swap space
#   The process is running with CompressedOops enabled, and the Java Heap may be blocking the growth of the native heap
# Possible solutions:
#   Reduce memory load on the system
#   Increase physical memory or swap space
#   Check if swap backing store is full
#   Decrease Java heap size (-Xmx/-Xms)
#   Decrease number of Java threads
#   Decrease Java thread stack sizes (-Xss)
#   Set larger code cache with -XX:ReservedCodeCacheSize=
#   JVM is running with Unscaled Compressed Oops mode in which the Java heap is
#     placed in the first 4GB address space. The Java Heap base address is the
#     maximum limit for the native heap growth. Please use -XX:HeapBaseMinAddress
#     to set the Java Heap base and to place the Java Heap above 4GB virtual address.
# This output file may be truncated or incomplete.
#
#  Out of Memory Error (arena.cpp:189), pid=1924, tid=10856
#
# JRE version: Java(TM) SE Runtime Environment (17.0.6+9) (build 17.0.6+9-LTS-190)
# Java VM: Java HotSpot(TM) 64-Bit Server VM (17.0.6+9-LTS-190, mixed mode, sharing, tiered, compressed oops, compressed class ptrs, g1 gc, windows-amd64)
# No core dump will be written. Minidumps are not enabled by default on client versions of Windows
#

---------------  S U M M A R Y ------------

Command Line: -javaagent:C:\Program Files\JetBrains\IntelliJ IDEA 2022.3.1\lib\idea_rt.jar=14168:C:\Program Files\JetBrains\IntelliJ IDEA 2022.3.1\bin -Dfile.encoding=UTF-8 LauncherWrapper

Host: 11th Gen Intel(R) Core(TM) i7-11800H @ 2.30GHz, 16 cores, 7G,  Windows 11 , 64 bit Build 22621 (10.0.22621.3958)
Time: Wed Sep 25 16:45:32 2024 Sri Lanka Standard Time elapsed time: 1.265403 seconds (0d 0h 0m 1s)

---------------  T H R E A D  ---------------

Current thread (0x000001ff37194790):  JavaThread "C2 CompilerThread3" daemon [_thread_in_native, id=10856, stack(0x0000008b4a200000,0x0000008b4a300000)]


Current CompileTask:
C2:   1265 1947   !   4       jdk.internal.loader.BuiltinClassLoader::loadClassOrNull (143 bytes)

Stack: [0x0000008b4a200000,0x0000008b4a300000]
Native frames: (J=compiled Java code, j=interpreted, Vv=VM code, C=native code)
V  [jvm.dll+0x6734ea]
V  [jvm.dll+0x7d18f4]
V  [jvm.dll+0x7d309e]
V  [jvm.dll+0x7d3703]
V  [jvm.dll+0x2433c5]
V  [jvm.dll+0xaa46b]
V  [jvm.dll+0xaaa0c]
V  [jvm.dll+0x2a8b1f]
V  [jvm.dll+0x57bf85]
V  [jvm.dll+0x21e142]
V  [jvm.dll+0x21e51f]
V  [jvm.dll+0x217c36]
V  [jvm.dll+0x215109]
V  [jvm.dll+0x1a1730]
V  [jvm.dll+0x224b6e]
V  [jvm.dll+0x222f15]
V  [jvm.dll+0x78753c]
V  [jvm.dll+0x781a7a]
V  [jvm.dll+0x672375]
C  [ucrtbase.dll+0x29333]
C  [KERNEL32.DLL+0x1257d]
C  [ntdll.dll+0x5af28]


---------------  P R O C E S S  ---------------

Threads class SMR info:
_java_thread_list=0x000001ff3d89fa80, length=25, elements={
0x000001ff158e8ae0, 0x000001ff362c4870, 0x000001ff362c5220, 0x000001ff362d8690,
0x000001ff362d9040, 0x000001ff362dd020, 0x000001ff362dd9d0, 0x000001ff362deb70,
0x000001ff362dfa20, 0x000001ff362e0410, 0x000001ff36cf7620, 0x000001ff36d1dda0,
0x000001ff36d288d0, 0x000001ff36d31930, 0x000001ff36ff97e0, 0x000001ff37098530,
0x000001ff37130c80, 0x000001ff37b816c0, 0x000001ff37ad2b80, 0x000001ff37794650,
0x000001ff37d361b0, 0x000001ff37f259d0, 0x000001ff37c47a00, 0x000001ff37194790,
0x000001ff3806cee0
}

Java Threads: ( => current thread )
  0x000001ff158e8ae0 JavaThread "main" [_thread_blocked, id=2268, stack(0x0000008b47d00000,0x0000008b47e00000)]
  0x000001ff362c4870 JavaThread "Reference Handler" daemon [_thread_blocked, id=8876, stack(0x0000008b48400000,0x0000008b48500000)]
  0x000001ff362c5220 JavaThread "Finalizer" daemon [_thread_blocked, id=9700, stack(0x0000008b48500000,0x0000008b48600000)]
  0x000001ff362d8690 JavaThread "Signal Dispatcher" daemon [_thread_blocked, id=18512, stack(0x0000008b48600000,0x0000008b48700000)]
  0x000001ff362d9040 JavaThread "Attach Listener" daemon [_thread_blocked, id=10660, stack(0x0000008b48700000,0x0000008b48800000)]
  0x000001ff362dd020 JavaThread "Service Thread" daemon [_thread_blocked, id=10876, stack(0x0000008b48800000,0x0000008b48900000)]
  0x000001ff362dd9d0 JavaThread "Monitor Deflation Thread" daemon [_thread_blocked, id=15548, stack(0x0000008b48900000,0x0000008b48a00000)]
  0x000001ff362deb70 JavaThread "C2 CompilerThread0" daemon [_thread_blocked, id=2732, stack(0x0000008b48a00000,0x0000008b48b00000)]
  0x000001ff362dfa20 JavaThread "C1 CompilerThread0" daemon [_thread_blocked, id=18564, stack(0x0000008b48b00000,0x0000008b48c00000)]
  0x000001ff362e0410 JavaThread "Sweeper thread" daemon [_thread_blocked, id=20168, stack(0x0000008b48c00000,0x0000008b48d00000)]
  0x000001ff36cf7620 JavaThread "Common-Cleaner" daemon [_thread_blocked, id=25332, stack(0x0000008b48d00000,0x0000008b48e00000)]
  0x000001ff36d1dda0 JavaThread "C1 CompilerThread1" daemon [_thread_blocked, id=23892, stack(0x0000008b48e00000,0x0000008b48f00000)]
  0x000001ff36d288d0 JavaThread "C1 CompilerThread2" daemon [_thread_blocked, id=7844, stack(0x0000008b48f00000,0x0000008b49000000)]
  0x000001ff36d31930 JavaThread "C2 CompilerThread1" daemon [_thread_blocked, id=9264, stack(0x0000008b49000000,0x0000008b49100000)]
  0x000001ff36ff97e0 JavaThread "Monitor Ctrl-Break" daemon [_thread_in_native, id=13440, stack(0x0000008b49100000,0x0000008b49200000)]
  0x000001ff37098530 JavaThread "Notification Thread" daemon [_thread_blocked, id=12184, stack(0x0000008b49200000,0x0000008b49300000)]
  0x000001ff37130c80 JavaThread "JavaFX-Launcher" [_thread_blocked, id=24768, stack(0x0000008b49400000,0x0000008b49500000)]
  0x000001ff37b816c0 JavaThread "QuantumRenderer-0" daemon [_thread_blocked, id=25572, stack(0x0000008b49500000,0x0000008b49600000)]
  0x000001ff37ad2b80 JavaThread "InvokeLaterDispatcher" daemon [_thread_in_vm, id=176, stack(0x0000008b49600000,0x0000008b49700000)]
  0x000001ff37794650 JavaThread "JavaFX Application Thread" [_thread_in_native, id=22532, stack(0x0000008b49700000,0x0000008b49800000)]
  0x000001ff37d361b0 JavaThread "Thread-2" daemon [_thread_in_native, id=10328, stack(0x0000008b49800000,0x0000008b49900000)]
  0x000001ff37f259d0 JavaThread "C1 CompilerThread3" daemon [_thread_in_vm, id=11980, stack(0x0000008b49900000,0x0000008b49a00000)]
  0x000001ff37c47a00 JavaThread "C2 CompilerThread2" daemon [_thread_blocked, id=15452, stack(0x0000008b4a100000,0x0000008b4a200000)]
=>0x000001ff37194790 JavaThread "C2 CompilerThread3" daemon [_thread_in_native, id=10856, stack(0x0000008b4a200000,0x0000008b4a300000)]
  0x000001ff3806cee0 JavaThread "Prism Font Disposer" daemon [_thread_blocked, id=4840, stack(0x0000008b4aa00000,0x0000008b4ab00000)]

Other Threads:
  0x000001ff362beed0 VMThread "VM Thread" [stack: 0x0000008b48300000,0x0000008b48400000] [id=23152]
  0x000001ff36fc3d30 WatcherThread [stack: 0x0000008b49300000,0x0000008b49400000] [id=21620]
  0x000001ff15942b10 GCTaskThread "GC Thread#0" [stack: 0x0000008b47e00000,0x0000008b47f00000] [id=18912]
  0x000001ff37c3e4a0 GCTaskThread "GC Thread#1" [stack: 0x0000008b49a00000,0x0000008b49b00000] [id=9740]
  0x000001ff37c3e750 GCTaskThread "GC Thread#2" [stack: 0x0000008b49b00000,0x0000008b49c00000] [id=7008]
  0x000001ff377f2a90 GCTaskThread "GC Thread#3" [stack: 0x0000008b49c00000,0x0000008b49d00000] [id=24736]
  0x000001ff377f2d40 GCTaskThread "GC Thread#4" [stack: 0x0000008b49d00000,0x0000008b49e00000] [id=21728]
  0x000001ff37c46ac0 GCTaskThread "GC Thread#5" [stack: 0x0000008b49e00000,0x0000008b49f00000] [id=20748]
  0x000001ff37e5aa00 GCTaskThread "GC Thread#6" [stack: 0x0000008b49f00000,0x0000008b4a000000] [id=3768]
  0x000001ff37e5acb0 GCTaskThread "GC Thread#7" [stack: 0x0000008b4a000000,0x0000008b4a100000] [id=21480]
  0x000001ff3e638c90 GCTaskThread "GC Thread#8" [stack: 0x0000008b4a300000,0x0000008b4a400000] [id=19208]
  0x000001ff37eff330 GCTaskThread "GC Thread#9" [stack: 0x0000008b4a400000,0x0000008b4a500000] [id=23260]
  0x000001ff3e676140 GCTaskThread "GC Thread#10" [stack: 0x0000008b4a500000,0x0000008b4a600000] [id=13900]
  0x000001ff3e00c7e0 GCTaskThread "GC Thread#11" [stack: 0x0000008b4a600000,0x0000008b4a700000] [id=22564]
  0x000001ff15953110 ConcurrentGCThread "G1 Main Marker" [stack: 0x0000008b47f00000,0x0000008b48000000] [id=24920]
  0x000001ff15953b20 ConcurrentGCThread "G1 Conc#0" [stack: 0x0000008b48000000,0x0000008b48100000] [id=14524]
  0x000001ff159ae220 ConcurrentGCThread "G1 Refine#0" [stack: 0x0000008b48100000,0x0000008b48200000] [id=11544]
  0x000001ff159aec40 ConcurrentGCThread "G1 Service" [stack: 0x0000008b48200000,0x0000008b48300000] [id=2780]

Threads with active compile tasks:
C2 CompilerThread3     1284 1947   !   4       jdk.internal.loader.BuiltinClassLoader::loadClassOrNull (143 bytes)

VM state: not at safepoint (normal execution)

VM Mutex/Monitor currently owned by a thread: None

Heap address: 0x0000000084a00000, size: 1974 MB, Compressed Oops mode: 32-bit

CDS archive(s) mapped at: [0x0000000800000000-0x0000000800bd0000-0x0000000800bd0000), size 12386304, SharedBaseAddress: 0x0000000800000000, ArchiveRelocationMode: 0.
Compressed class space mapped at: 0x0000000800c00000-0x0000000840c00000, reserved size: 1073741824
Narrow klass base: 0x0000000800000000, Narrow klass shift: 0, Narrow klass range: 0x100000000

GC Precious Log:
 CPUs: 16 total, 16 available
 Memory: 7893M
 Large Page Support: Disabled
 NUMA Support: Disabled
 Compressed Oops: Enabled (32-bit)
 Heap Region Size: 1M
 Heap Min Capacity: 8M
 Heap Initial Capacity: 124M
 Heap Max Capacity: 1974M
 Pre-touch: Disabled
 Parallel Workers: 13
 Concurrent Workers: 3
 Concurrent Refinement Workers: 13
 Periodic GC: Disabled

Heap:
 garbage-first heap   total 126976K, used 23154K [0x0000000084a00000, 0x0000000100000000)
  region size 1024K, 17 young (17408K), 4 survivors (4096K)
 Metaspace       used 12671K, committed 12864K, reserved 1064960K
  class space    used 1752K, committed 1856K, reserved 1048576K

Heap Regions: E=young(eden), S=young(survivor), O=old, HS=humongous(starts), HC=humongous(continues), CS=collection set, F=free, OA=open archive, CA=closed archive, TAMS=top-at-mark-start (previous, next)
|   0|0x0000000084a00000, 0x0000000084b00000, 0x0000000084b00000|100%|HS|  |TAMS 0x0000000084a00000, 0x0000000084a00000| Complete 
|   1|0x0000000084b00000, 0x0000000084c00000, 0x0000000084c00000|100%| O|  |TAMS 0x0000000084b00000, 0x0000000084b00000| Untracked 
|   2|0x0000000084c00000, 0x0000000084d00000, 0x0000000084d00000|100%| O|  |TAMS 0x0000000084c00000, 0x0000000084c00000| Untracked 
|   3|0x0000000084d00000, 0x0000000084e00000, 0x0000000084e00000|100%| O|  |TAMS 0x0000000084d00000, 0x0000000084d00000| Untracked 
|   4|0x0000000084e00000, 0x0000000084f00000, 0x0000000084f00000|100%| O|  |TAMS 0x0000000084e00000, 0x0000000084e00000| Untracked 
|   5|0x0000000084f00000, 0x0000000085000000, 0x0000000085000000|100%| O|  |TAMS 0x0000000084f00000, 0x0000000084f00000| Untracked 
|   6|0x0000000085000000, 0x00000000850bc000, 0x0000000085100000| 73%| O|  |TAMS 0x0000000085000000, 0x0000000085000000| Untracked 
|   7|0x0000000085100000, 0x0000000085100000, 0x0000000085200000|  0%| F|  |TAMS 0x0000000085100000, 0x0000000085100000| Untracked 
|   8|0x0000000085200000, 0x0000000085200000, 0x0000000085300000|  0%| F|  |TAMS 0x0000000085200000, 0x0000000085200000| Untracked 
|   9|0x0000000085300000, 0x0000000085300000, 0x0000000085400000|  0%| F|  |TAMS 0x0000000085300000, 0x0000000085300000| Untracked 
|  10|0x0000000085400000, 0x0000000085400000, 0x0000000085500000|  0%| F|  |TAMS 0x0000000085400000, 0x0000000085400000| Untracked 
|  11|0x0000000085500000, 0x0000000085500000, 0x0000000085600000|  0%| F|  |TAMS 0x0000000085500000, 0x0000000085500000| Untracked 
|  12|0x0000000085600000, 0x0000000085600000, 0x0000000085700000|  0%| F|  |TAMS 0x0000000085600000, 0x0000000085600000| Untracked 
|  13|0x0000000085700000, 0x0000000085700000, 0x0000000085800000|  0%| F|  |TAMS 0x0000000085700000, 0x0000000085700000| Untracked 
|  14|0x0000000085800000, 0x0000000085800000, 0x0000000085900000|  0%| F|  |TAMS 0x0000000085800000, 0x0000000085800000| Untracked 
|  15|0x0000000085900000, 0x0000000085900000, 0x0000000085a00000|  0%| F|  |TAMS 0x0000000085900000, 0x0000000085900000| Untracked 
|  16|0x0000000085a00000, 0x0000000085a00000, 0x0000000085b00000|  0%| F|  |TAMS 0x0000000085a00000, 0x0000000085a00000| Untracked 
|  17|0x0000000085b00000, 0x0000000085b00000, 0x0000000085c00000|  0%| F|  |TAMS 0x0000000085b00000, 0x0000000085b00000| Untracked 
|  18|0x0000000085c00000, 0x0000000085c00000, 0x0000000085d00000|  0%| F|  |TAMS 0x0000000085c00000, 0x0000000085c00000| Untracked 
|  19|0x0000000085d00000, 0x0000000085d00000, 0x0000000085e00000|  0%| F|  |TAMS 0x0000000085d00000, 0x0000000085d00000| Untracked 
|  20|0x0000000085e00000, 0x0000000085e00000, 0x0000000085f00000|  0%| F|  |TAMS 0x0000000085e00000, 0x0000000085e00000| Untracked 
|  21|0x0000000085f00000, 0x0000000085f00000, 0x0000000086000000|  0%| F|  |TAMS 0x0000000085f00000, 0x0000000085f00000| Untracked 
|  22|0x0000000086000000, 0x0000000086000000, 0x0000000086100000|  0%| F|  |TAMS 0x0000000086000000, 0x0000000086000000| Untracked 
|  23|0x0000000086100000, 0x0000000086100000, 0x0000000086200000|  0%| F|  |TAMS 0x0000000086100000, 0x0000000086100000| Untracked 
|  24|0x0000000086200000, 0x0000000086200000, 0x0000000086300000|  0%| F|  |TAMS 0x0000000086200000, 0x0000000086200000| Untracked 
|  25|0x0000000086300000, 0x0000000086300000, 0x0000000086400000|  0%| F|  |TAMS 0x0000000086300000, 0x0000000086300000| Untracked 
|  26|0x0000000086400000, 0x0000000086400000, 0x0000000086500000|  0%| F|  |TAMS 0x0000000086400000, 0x0000000086400000| Untracked 
|  27|0x0000000086500000, 0x0000000086500000, 0x0000000086600000|  0%| F|  |TAMS 0x0000000086500000, 0x0000000086500000| Untracked 
|  28|0x0000000086600000, 0x0000000086600000, 0x0000000086700000|  0%| F|  |TAMS 0x0000000086600000, 0x0000000086600000| Untracked 
|  29|0x0000000086700000, 0x0000000086700000, 0x0000000086800000|  0%| F|  |TAMS 0x0000000086700000, 0x0000000086700000| Untracked 
|  30|0x0000000086800000, 0x0000000086800000, 0x0000000086900000|  0%| F|  |TAMS 0x0000000086800000, 0x0000000086800000| Untracked 
|  31|0x0000000086900000, 0x0000000086900000, 0x0000000086a00000|  0%| F|  |TAMS 0x0000000086900000, 0x0000000086900000| Untracked 
|  32|0x0000000086a00000, 0x0000000086a00000, 0x0000000086b00000|  0%| F|  |TAMS 0x0000000086a00000, 0x0000000086a00000| Untracked 
|  33|0x0000000086b00000, 0x0000000086b00000, 0x0000000086c00000|  0%| F|  |TAMS 0x0000000086b00000, 0x0000000086b00000| Untracked 
|  34|0x0000000086c00000, 0x0000000086c00000, 0x0000000086d00000|  0%| F|  |TAMS 0x0000000086c00000, 0x0000000086c00000| Untracked 
|  35|0x0000000086d00000, 0x0000000086d00000, 0x0000000086e00000|  0%| F|  |TAMS 0x0000000086d00000, 0x0000000086d00000| Untracked 
|  36|0x0000000086e00000, 0x0000000086e00000, 0x0000000086f00000|  0%| F|  |TAMS 0x0000000086e00000, 0x0000000086e00000| Untracked 
|  37|0x0000000086f00000, 0x0000000086f00000, 0x0000000087000000|  0%| F|  |TAMS 0x0000000086f00000, 0x0000000086f00000| Untracked 
|  38|0x0000000087000000, 0x0000000087000000, 0x0000000087100000|  0%| F|  |TAMS 0x0000000087000000, 0x0000000087000000| Untracked 
|  39|0x0000000087100000, 0x0000000087100000, 0x0000000087200000|  0%| F|  |TAMS 0x0000000087100000, 0x0000000087100000| Untracked 
|  40|0x0000000087200000, 0x0000000087200000, 0x0000000087300000|  0%| F|  |TAMS 0x0000000087200000, 0x0000000087200000| Untracked 
|  41|0x0000000087300000, 0x0000000087300000, 0x0000000087400000|  0%| F|  |TAMS 0x0000000087300000, 0x0000000087300000| Untracked 
|  42|0x0000000087400000, 0x0000000087400000, 0x0000000087500000|  0%| F|  |TAMS 0x0000000087400000, 0x0000000087400000| Untracked 
|  43|0x0000000087500000, 0x0000000087500000, 0x0000000087600000|  0%| F|  |TAMS 0x0000000087500000, 0x0000000087500000| Untracked 
|  44|0x0000000087600000, 0x0000000087600000, 0x0000000087700000|  0%| F|  |TAMS 0x0000000087600000, 0x0000000087600000| Untracked 
|  45|0x0000000087700000, 0x0000000087700000, 0x0000000087800000|  0%| F|  |TAMS 0x0000000087700000, 0x0000000087700000| Untracked 
|  46|0x0000000087800000, 0x0000000087800000, 0x0000000087900000|  0%| F|  |TAMS 0x0000000087800000, 0x0000000087800000| Untracked 
|  47|0x0000000087900000, 0x0000000087900000, 0x0000000087a00000|  0%| F|  |TAMS 0x0000000087900000, 0x0000000087900000| Untracked 
|  48|0x0000000087a00000, 0x0000000087a00000, 0x0000000087b00000|  0%| F|  |TAMS 0x0000000087a00000, 0x0000000087a00000| Untracked 
|  49|0x0000000087b00000, 0x0000000087b00000, 0x0000000087c00000|  0%| F|  |TAMS 0x0000000087b00000, 0x0000000087b00000| Untracked 
|  50|0x0000000087c00000, 0x0000000087c00000, 0x0000000087d00000|  0%| F|  |TAMS 0x0000000087c00000, 0x0000000087c00000| Untracked 
|  51|0x0000000087d00000, 0x0000000087d00000, 0x0000000087e00000|  0%| F|  |TAMS 0x0000000087d00000, 0x0000000087d00000| Untracked 
|  52|0x0000000087e00000, 0x0000000087e00000, 0x0000000087f00000|  0%| F|  |TAMS 0x0000000087e00000, 0x0000000087e00000| Untracked 
|  53|0x0000000087f00000, 0x0000000087f00000, 0x0000000088000000|  0%| F|  |TAMS 0x0000000087f00000, 0x0000000087f00000| Untracked 
|  54|0x0000000088000000, 0x0000000088000000, 0x0000000088100000|  0%| F|  |TAMS 0x0000000088000000, 0x0000000088000000| Untracked 
|  55|0x0000000088100000, 0x0000000088100000, 0x0000000088200000|  0%| F|  |TAMS 0x0000000088100000, 0x0000000088100000| Untracked 
|  56|0x0000000088200000, 0x0000000088200000, 0x0000000088300000|  0%| F|  |TAMS 0x0000000088200000, 0x0000000088200000| Untracked 
|  57|0x0000000088300000, 0x0000000088300000, 0x0000000088400000|  0%| F|  |TAMS 0x0000000088300000, 0x0000000088300000| Untracked 
|  58|0x0000000088400000, 0x0000000088400000, 0x0000000088500000|  0%| F|  |TAMS 0x0000000088400000, 0x0000000088400000| Untracked 
|  59|0x0000000088500000, 0x0000000088500000, 0x0000000088600000|  0%| F|  |TAMS 0x0000000088500000, 0x0000000088500000| Untracked 
|  60|0x0000000088600000, 0x0000000088600000, 0x0000000088700000|  0%| F|  |TAMS 0x0000000088600000, 0x0000000088600000| Untracked 
|  61|0x0000000088700000, 0x0000000088700000, 0x0000000088800000|  0%| F|  |TAMS 0x0000000088700000, 0x0000000088700000| Untracked 
|  62|0x0000000088800000, 0x0000000088800000, 0x0000000088900000|  0%| F|  |TAMS 0x0000000088800000, 0x0000000088800000| Untracked 
|  63|0x0000000088900000, 0x0000000088900000, 0x0000000088a00000|  0%| F|  |TAMS 0x0000000088900000, 0x0000000088900000| Untracked 
|  64|0x0000000088a00000, 0x0000000088a00000, 0x0000000088b00000|  0%| F|  |TAMS 0x0000000088a00000, 0x0000000088a00000| Untracked 
|  65|0x0000000088b00000, 0x0000000088b00000, 0x0000000088c00000|  0%| F|  |TAMS 0x0000000088b00000, 0x0000000088b00000| Untracked 
|  66|0x0000000088c00000, 0x0000000088c00000, 0x0000000088d00000|  0%| F|  |TAMS 0x0000000088c00000, 0x0000000088c00000| Untracked 
|  67|0x0000000088d00000, 0x0000000088d00000, 0x0000000088e00000|  0%| F|  |TAMS 0x0000000088d00000, 0x0000000088d00000| Untracked 
|  68|0x0000000088e00000, 0x0000000088e00000, 0x0000000088f00000|  0%| F|  |TAMS 0x0000000088e00000, 0x0000000088e00000| Untracked 
|  69|0x0000000088f00000, 0x0000000088f00000, 0x0000000089000000|  0%| F|  |TAMS 0x0000000088f00000, 0x0000000088f00000| Untracked 
|  70|0x0000000089000000, 0x0000000089000000, 0x0000000089100000|  0%| F|  |TAMS 0x0000000089000000, 0x0000000089000000| Untracked 
|  71|0x0000000089100000, 0x0000000089100000, 0x0000000089200000|  0%| F|  |TAMS 0x0000000089100000, 0x0000000089100000| Untracked 
|  72|0x0000000089200000, 0x0000000089200000, 0x0000000089300000|  0%| F|  |TAMS 0x0000000089200000, 0x0000000089200000| Untracked 
|  73|0x0000000089300000, 0x0000000089300000, 0x0000000089400000|  0%| F|  |TAMS 0x0000000089300000, 0x0000000089300000| Untracked 
|  74|0x0000000089400000, 0x0000000089400000, 0x0000000089500000|  0%| F|  |TAMS 0x0000000089400000, 0x0000000089400000| Untracked 
|  75|0x0000000089500000, 0x0000000089500000, 0x0000000089600000|  0%| F|  |TAMS 0x0000000089500000, 0x0000000089500000| Untracked 
|  76|0x0000000089600000, 0x0000000089600000, 0x0000000089700000|  0%| F|  |TAMS 0x0000000089600000, 0x0000000089600000| Untracked 
|  77|0x0000000089700000, 0x0000000089700000, 0x0000000089800000|  0%| F|  |TAMS 0x0000000089700000, 0x0000000089700000| Untracked 
|  78|0x0000000089800000, 0x0000000089800000, 0x0000000089900000|  0%| F|  |TAMS 0x0000000089800000, 0x0000000089800000| Untracked 
|  79|0x0000000089900000, 0x0000000089900000, 0x0000000089a00000|  0%| F|  |TAMS 0x0000000089900000, 0x0000000089900000| Untracked 
|  80|0x0000000089a00000, 0x0000000089a00000, 0x0000000089b00000|  0%| F|  |TAMS 0x0000000089a00000, 0x0000000089a00000| Untracked 
|  81|0x0000000089b00000, 0x0000000089b00000, 0x0000000089c00000|  0%| F|  |TAMS 0x0000000089b00000, 0x0000000089b00000| Untracked 
|  82|0x0000000089c00000, 0x0000000089c00000, 0x0000000089d00000|  0%| F|  |TAMS 0x0000000089c00000, 0x0000000089c00000| Untracked 
|  83|0x0000000089d00000, 0x0000000089d00000, 0x0000000089e00000|  0%| F|  |TAMS 0x0000000089d00000, 0x0000000089d00000| Untracked 
|  84|0x0000000089e00000, 0x0000000089e00000, 0x0000000089f00000|  0%| F|  |TAMS 0x0000000089e00000, 0x0000000089e00000| Untracked 
|  85|0x0000000089f00000, 0x0000000089f00000, 0x000000008a000000|  0%| F|  |TAMS 0x0000000089f00000, 0x0000000089f00000| Untracked 
|  86|0x000000008a000000, 0x000000008a000000, 0x000000008a100000|  0%| F|  |TAMS 0x000000008a000000, 0x000000008a000000| Untracked 
|  87|0x000000008a100000, 0x000000008a100000, 0x000000008a200000|  0%| F|  |TAMS 0x000000008a100000, 0x000000008a100000| Untracked 
|  88|0x000000008a200000, 0x000000008a200000, 0x000000008a300000|  0%| F|  |TAMS 0x000000008a200000, 0x000000008a200000| Untracked 
|  89|0x000000008a300000, 0x000000008a3e0b90, 0x000000008a400000| 87%| S|CS|TAMS 0x000000008a300000, 0x000000008a300000| Complete 
|  90|0x000000008a400000, 0x000000008a500000, 0x000000008a500000|100%| S|CS|TAMS 0x000000008a400000, 0x000000008a400000| Complete 
|  91|0x000000008a500000, 0x000000008a600000, 0x000000008a600000|100%| S|CS|TAMS 0x000000008a500000, 0x000000008a500000| Complete 
|  92|0x000000008a600000, 0x000000008a700000, 0x000000008a700000|100%| S|CS|TAMS 0x000000008a600000, 0x000000008a600000| Complete 
|  93|0x000000008a700000, 0x000000008a700000, 0x000000008a800000|  0%| F|  |TAMS 0x000000008a700000, 0x000000008a700000| Untracked 
|  94|0x000000008a800000, 0x000000008a800000, 0x000000008a900000|  0%| F|  |TAMS 0x000000008a800000, 0x000000008a800000| Untracked 
|  95|0x000000008a900000, 0x000000008a900000, 0x000000008aa00000|  0%| F|  |TAMS 0x000000008a900000, 0x000000008a900000| Untracked 
|  96|0x000000008aa00000, 0x000000008aa00000, 0x000000008ab00000|  0%| F|  |TAMS 0x000000008aa00000, 0x000000008aa00000| Untracked 
|  97|0x000000008ab00000, 0x000000008ab00000, 0x000000008ac00000|  0%| F|  |TAMS 0x000000008ab00000, 0x000000008ab00000| Untracked 
|  98|0x000000008ac00000, 0x000000008ac00000, 0x000000008ad00000|  0%| F|  |TAMS 0x000000008ac00000, 0x000000008ac00000| Untracked 
|  99|0x000000008ad00000, 0x000000008ad00000, 0x000000008ae00000|  0%| F|  |TAMS 0x000000008ad00000, 0x000000008ad00000| Untracked 
| 100|0x000000008ae00000, 0x000000008ae00000, 0x000000008af00000|  0%| F|  |TAMS 0x000000008ae00000, 0x000000008ae00000| Untracked 
| 101|0x000000008af00000, 0x000000008af00000, 0x000000008b000000|  0%| F|  |TAMS 0x000000008af00000, 0x000000008af00000| Untracked 
| 102|0x000000008b000000, 0x000000008b000000, 0x000000008b100000|  0%| F|  |TAMS 0x000000008b000000, 0x000000008b000000| Untracked 
| 103|0x000000008b100000, 0x000000008b100000, 0x000000008b200000|  0%| F|  |TAMS 0x000000008b100000, 0x000000008b100000| Untracked 
| 104|0x000000008b200000, 0x000000008b200000, 0x000000008b300000|  0%| F|  |TAMS 0x000000008b200000, 0x000000008b200000| Untracked 
| 105|0x000000008b300000, 0x000000008b300000, 0x000000008b400000|  0%| F|  |TAMS 0x000000008b300000, 0x000000008b300000| Untracked 
| 106|0x000000008b400000, 0x000000008b400000, 0x000000008b500000|  0%| F|  |TAMS 0x000000008b400000, 0x000000008b400000| Untracked 
| 107|0x000000008b500000, 0x000000008b500000, 0x000000008b600000|  0%| F|  |TAMS 0x000000008b500000, 0x000000008b500000| Untracked 
| 108|0x000000008b600000, 0x000000008b600000, 0x000000008b700000|  0%| F|  |TAMS 0x000000008b600000, 0x000000008b600000| Untracked 
| 109|0x000000008b700000, 0x000000008b700000, 0x000000008b800000|  0%| F|  |TAMS 0x000000008b700000, 0x000000008b700000| Untracked 
| 110|0x000000008b800000, 0x000000008b800000, 0x000000008b900000|  0%| F|  |TAMS 0x000000008b800000, 0x000000008b800000| Untracked 
| 111|0x000000008b900000, 0x000000008b980800, 0x000000008ba00000| 50%| E|  |TAMS 0x000000008b900000, 0x000000008b900000| Complete 
| 112|0x000000008ba00000, 0x000000008bb00000, 0x000000008bb00000|100%| E|CS|TAMS 0x000000008ba00000, 0x000000008ba00000| Complete 
| 113|0x000000008bb00000, 0x000000008bc00000, 0x000000008bc00000|100%| E|CS|TAMS 0x000000008bb00000, 0x000000008bb00000| Complete 
| 114|0x000000008bc00000, 0x000000008bd00000, 0x000000008bd00000|100%| E|CS|TAMS 0x000000008bc00000, 0x000000008bc00000| Complete 
| 115|0x000000008bd00000, 0x000000008be00000, 0x000000008be00000|100%| E|CS|TAMS 0x000000008bd00000, 0x000000008bd00000| Complete 
| 116|0x000000008be00000, 0x000000008bf00000, 0x000000008bf00000|100%| E|CS|TAMS 0x000000008be00000, 0x000000008be00000| Complete 
| 117|0x000000008bf00000, 0x000000008c000000, 0x000000008c000000|100%| E|CS|TAMS 0x000000008bf00000, 0x000000008bf00000| Complete 
| 118|0x000000008c000000, 0x000000008c100000, 0x000000008c100000|100%| E|CS|TAMS 0x000000008c000000, 0x000000008c000000| Complete 
| 119|0x000000008c100000, 0x000000008c200000, 0x000000008c200000|100%| E|CS|TAMS 0x000000008c100000, 0x000000008c100000| Complete 
| 120|0x000000008c200000, 0x000000008c300000, 0x000000008c300000|100%| E|CS|TAMS 0x000000008c200000, 0x000000008c200000| Complete 
| 121|0x000000008c300000, 0x000000008c400000, 0x000000008c400000|100%| E|CS|TAMS 0x000000008c300000, 0x000000008c300000| Complete 
| 122|0x000000008c400000, 0x000000008c500000, 0x000000008c500000|100%| E|CS|TAMS 0x000000008c400000, 0x000000008c400000| Complete 
| 123|0x000000008c500000, 0x000000008c600000, 0x000000008c600000|100%| E|CS|TAMS 0x000000008c500000, 0x000000008c500000| Complete 

Card table byte_map: [0x000001ff2ece0000,0x000001ff2f0c0000] _byte_map_base: 0x000001ff2e8bb000

Marking Bits (Prev, Next): (CMBitMap*) 0x000001ff15943120, (CMBitMap*) 0x000001ff15943160
 Prev Bits: [0x000001ff2f4a0000, 0x000001ff31378000)
 Next Bits: [0x000001ff31380000, 0x000001ff33258000)

Polling page: 0x000001ff159b0000

Metaspace:

Usage:
  Non-class:     10.66 MB used.
      Class:      1.71 MB used.
       Both:     12.37 MB used.

Virtual space:
  Non-class space:       16.00 MB reserved,      10.75 MB ( 67%) committed,  2 nodes.
      Class space:        1.00 GB reserved,       1.81 MB ( <1%) committed,  1 nodes.
             Both:        1.02 GB reserved,      12.56 MB (  1%) committed. 

Chunk freelists:
   Non-Class:  992.00 KB
       Class:  2.22 MB
        Both:  3.19 MB

MaxMetaspaceSize: unlimited
CompressedClassSpaceSize: 1.00 GB
Initial GC threshold: 21.00 MB
Current GC threshold: 21.00 MB
CDS: on
MetaspaceReclaimPolicy: balanced
 - commit_granule_bytes: 65536.
 - commit_granule_words: 8192.
 - virtual_space_node_default_size: 1048576.
 - enlarge_chunks_in_place: 1.
 - new_chunks_are_fully_committed: 0.
 - uncommit_free_chunks: 1.
 - use_allocation_guard: 0.
 - handle_deallocations: 1.


Internal statistics:

num_allocs_failed_limit: 0.
num_arena_births: 166.
num_arena_deaths: 0.
num_vsnodes_births: 3.
num_vsnodes_deaths: 0.
num_space_committed: 201.
num_space_uncommitted: 0.
num_chunks_returned_to_freelist: 0.
num_chunks_taken_from_freelist: 551.
num_chunk_merges: 0.
num_chunk_splits: 379.
num_chunks_enlarged: 294.
num_purges: 0.
num_inconsistent_stats: 0.

CodeHeap 'non-profiled nmethods': size=119168Kb used=1215Kb max_used=1215Kb free=117952Kb
 bounds [0x000001ff264f0000, 0x000001ff26760000, 0x000001ff2d950000]
CodeHeap 'profiled nmethods': size=119104Kb used=4110Kb max_used=4110Kb free=114993Kb
 bounds [0x000001ff1e950000, 0x000001ff1ed60000, 0x000001ff25da0000]
CodeHeap 'non-nmethods': size=7488Kb used=3044Kb max_used=3107Kb free=4444Kb
 bounds [0x000001ff25da0000, 0x000001ff260b0000, 0x000001ff264f0000]
 total_blobs=2703 nmethods=2020 adapters=592
 compilation: enabled
              stopped_count=0, restarted_count=0
 full_count=0

Compilation events (20 events):
Event: 1.261 Thread 0x000001ff362dfa20 nmethod 2003 0x000001ff1ed44b10 code [0x000001ff1ed44ca0, 0x000001ff1ed44de8]
Event: 1.261 Thread 0x000001ff362dfa20 2006       3       java.lang.invoke.InnerClassLambdaMetafactory$ForwardingMethodGenerator::convertArgumentTypes (96 bytes)
Event: 1.261 Thread 0x000001ff36d1dda0 nmethod 2002 0x000001ff1ed44e90 code [0x000001ff1ed45040, 0x000001ff1ed45248]
Event: 1.261 Thread 0x000001ff36d1dda0 2004       3       java.lang.invoke.InnerClassLambdaMetafactory$ForwardingMethodGenerator::generate (272 bytes)
Event: 1.262 Thread 0x000001ff36d288d0 nmethod 2001 0x000001ff1ed45310 code [0x000001ff1ed455e0, 0x000001ff1ed46588]
Event: 1.262 Thread 0x000001ff362dfa20 nmethod 2006 0x000001ff1ed46b10 code [0x000001ff1ed46d60, 0x000001ff1ed477d8]
Event: 1.262 Thread 0x000001ff36d288d0 2005       3       jdk.internal.org.objectweb.asm.MethodVisitor::visitCode (15 bytes)
Event: 1.262 Thread 0x000001ff362dfa20 2007       3       java.lang.invoke.InnerClassLambdaMetafactory$ForwardingMethodGenerator::invocationOpcode (104 bytes)
Event: 1.262 Thread 0x000001ff36d288d0 nmethod 2005 0x000001ff1ed47d10 code [0x000001ff1ed47ec0, 0x000001ff1ed480c8]
Event: 1.262 Thread 0x000001ff36d288d0 2008       3       jdk.internal.org.objectweb.asm.MethodVisitor::visitMethodInsn (80 bytes)
Event: 1.262 Thread 0x000001ff36d288d0 nmethod 2008 0x000001ff1ed48190 code [0x000001ff1ed48360, 0x000001ff1ed48848]
Event: 1.262 Thread 0x000001ff36d288d0 2009       3       java.lang.invoke.InnerClassLambdaMetafactory::getReturnOpcode (20 bytes)
Event: 1.262 Thread 0x000001ff36d1dda0 nmethod 2004 0x000001ff1ed48990 code [0x000001ff1ed48d20, 0x000001ff1ed4a9a8]
Event: 1.262 Thread 0x000001ff362dfa20 nmethod 2007 0x000001ff1ed4b210 code [0x000001ff1ed4b460, 0x000001ff1ed4bc98]
Event: 1.262 Thread 0x000001ff362dfa20 2010   !   3       jdk.internal.reflect.NativeConstructorAccessorImpl::newInstance (122 bytes)
Event: 1.262 Thread 0x000001ff36d288d0 nmethod 2009 0x000001ff1ed4bf90 code [0x000001ff1ed4c140, 0x000001ff1ed4c2c8]
Event: 1.262 Thread 0x000001ff362dfa20 nmethod 2010 0x000001ff1ed4c390 code [0x000001ff1ed4c5e0, 0x000001ff1ed4d1c8]
Event: 1.263 Thread 0x000001ff37f259d0 nmethod 2000 0x000001ff1ed4d690 code [0x000001ff1ed4dba0, 0x000001ff1ed50508]
Event: 1.263 Thread 0x000001ff362dfa20 2012       3       com.sun.javafx.geom.RectBounds::isEmpty (30 bytes)
Event: 1.263 Thread 0x000001ff362dfa20 nmethod 2012 0x000001ff1ed51510 code [0x000001ff1ed516a0, 0x000001ff1ed51898]

GC Heap History (4 events):
Event: 0.600 GC heap before
{Heap before GC invocations=0 (full 0):
 garbage-first heap   total 126976K, used 23552K [0x0000000084a00000, 0x0000000100000000)
  region size 1024K, 23 young (23552K), 0 survivors (0K)
 Metaspace       used 5405K, committed 5568K, reserved 1056768K
  class space    used 663K, committed 768K, reserved 1048576K
}
Event: 0.603 GC heap after
{Heap after GC invocations=1 (full 0):
 garbage-first heap   total 126976K, used 7093K [0x0000000084a00000, 0x0000000100000000)
  region size 1024K, 3 young (3072K), 3 survivors (3072K)
 Metaspace       used 5405K, committed 5568K, reserved 1056768K
  class space    used 663K, committed 768K, reserved 1048576K
}
Event: 1.018 GC heap before
{Heap before GC invocations=1 (full 0):
 garbage-first heap   total 126976K, used 35765K [0x0000000084a00000, 0x0000000100000000)
  region size 1024K, 31 young (31744K), 3 survivors (3072K)
 Metaspace       used 9628K, committed 9856K, reserved 1064960K
  class space    used 1265K, committed 1408K, reserved 1048576K
}
Event: 1.023 GC heap after
{Heap after GC invocations=2 (full 0):
 garbage-first heap   total 126976K, used 10866K [0x0000000084a00000, 0x0000000100000000)
  region size 1024K, 4 young (4096K), 4 survivors (4096K)
 Metaspace       used 9628K, committed 9856K, reserved 1064960K
  class space    used 1265K, committed 1408K, reserved 1048576K
}

Deoptimization events (20 events):
Event: 1.167 Thread 0x000001ff37794650 Uncommon trap: trap_request=0xffffffde fr.pc=0x000001ff264fc224 relative=0x00000000000001a4
Event: 1.167 Thread 0x000001ff37794650 Uncommon trap: reason=class_check action=maybe_recompile pc=0x000001ff264fc224 method=java.lang.String.equals(Ljava/lang/Object;)Z @ 8 c2
Event: 1.167 Thread 0x000001ff37794650 DEOPT PACKING pc=0x000001ff264fc224 sp=0x0000008b497fd560
Event: 1.167 Thread 0x000001ff37794650 DEOPT UNPACKING pc=0x000001ff25df5ba3 sp=0x0000008b497fd508 mode 2
Event: 1.167 Thread 0x000001ff37794650 Uncommon trap: trap_request=0xffffffde fr.pc=0x000001ff264fc224 relative=0x00000000000001a4
Event: 1.167 Thread 0x000001ff37794650 Uncommon trap: reason=class_check action=maybe_recompile pc=0x000001ff264fc224 method=java.lang.String.equals(Ljava/lang/Object;)Z @ 8 c2
Event: 1.167 Thread 0x000001ff37794650 DEOPT PACKING pc=0x000001ff264fc224 sp=0x0000008b497fd560
Event: 1.167 Thread 0x000001ff37794650 DEOPT UNPACKING pc=0x000001ff25df5ba3 sp=0x0000008b497fd508 mode 2
Event: 1.179 Thread 0x000001ff37794650 Uncommon trap: trap_request=0xffffff45 fr.pc=0x000001ff265fcdb4 relative=0x0000000000000414
Event: 1.179 Thread 0x000001ff37794650 Uncommon trap: reason=unstable_if action=reinterpret pc=0x000001ff265fcdb4 method=java.lang.StringLatin1.regionMatchesCI([BI[BII)Z @ 72 c2
Event: 1.179 Thread 0x000001ff37794650 DEOPT PACKING pc=0x000001ff265fcdb4 sp=0x0000008b497fd030
Event: 1.179 Thread 0x000001ff37794650 DEOPT UNPACKING pc=0x000001ff25df5ba3 sp=0x0000008b497fcf98 mode 2
Event: 1.191 Thread 0x000001ff37794650 Uncommon trap: trap_request=0xffffffde fr.pc=0x000001ff264fc224 relative=0x00000000000001a4
Event: 1.191 Thread 0x000001ff37794650 Uncommon trap: reason=class_check action=maybe_recompile pc=0x000001ff264fc224 method=java.lang.String.equals(Ljava/lang/Object;)Z @ 8 c2
Event: 1.191 Thread 0x000001ff37794650 DEOPT PACKING pc=0x000001ff264fc224 sp=0x0000008b497fd360
Event: 1.191 Thread 0x000001ff37794650 DEOPT UNPACKING pc=0x000001ff25df5ba3 sp=0x0000008b497fd308 mode 2
Event: 1.212 Thread 0x000001ff37794650 Uncommon trap: trap_request=0xffffff45 fr.pc=0x000001ff265e4ad0 relative=0x00000000000001d0
Event: 1.212 Thread 0x000001ff37794650 Uncommon trap: reason=unstable_if action=reinterpret pc=0x000001ff265e4ad0 method=java.io.ByteArrayInputStream.read()I @ 8 c2
Event: 1.212 Thread 0x000001ff37794650 DEOPT PACKING pc=0x000001ff265e4ad0 sp=0x0000008b497fc2b0
Event: 1.212 Thread 0x000001ff37794650 DEOPT UNPACKING pc=0x000001ff25df5ba3 sp=0x0000008b497fc268 mode 2

Classes unloaded (0 events):
No events

Classes redefined (0 events):
No events

Internal exceptions (20 events):
Event: 0.127 Thread 0x000001ff158e8ae0 Exception <a 'java/lang/NoSuchMethodError'{0x000000008be11698}: 'java.lang.Object java.lang.invoke.DirectMethodHandle$Holder.newInvokeSpecial(java.lang.Object, java.lang.Object, java.lang.Object, java.lang.Object, java.lang.Object)'> (0x000000008be11698) 
thrown [s\open\src\hotspot\share\interpreter\linkResolver.cpp, line 759]
Event: 0.178 Thread 0x000001ff37130c80 Exception <a 'java/lang/NoSuchMethodError'{0x000000008bdc65f0}: 'void java.lang.invoke.DirectMethodHandle$Holder.invokeSpecial(java.lang.Object, java.lang.Object, java.lang.Object)'> (0x000000008bdc65f0) 
thrown [s\open\src\hotspot\share\interpreter\linkResolver.cpp, line 759]
Event: 0.182 Thread 0x000001ff37130c80 Exception <a 'java/lang/ClassNotFoundException'{0x000000008bdf2680}: sun/util/logging/resources/spi/loggingProvider> (0x000000008bdf2680) 
thrown [s\open\src\hotspot\share\classfile\systemDictionary.cpp, line 256]
Event: 0.419 Thread 0x000001ff37130c80 Exception <a 'java/lang/NoSuchMethodError'{0x000000008b634eb0}: 'void java.lang.invoke.DirectMethodHandle$Holder.invokeStatic(java.lang.Object, java.lang.Object, java.lang.Object)'> (0x000000008b634eb0) 
thrown [s\open\src\hotspot\share\interpreter\linkResolver.cpp, line 759]
Event: 0.452 Thread 0x000001ff37130c80 Exception <a 'java/lang/NoSuchMethodError'{0x000000008b64f600}: 'int java.lang.invoke.DirectMethodHandle$Holder.invokeStaticInit(java.lang.Object, java.lang.Object, java.lang.Object)'> (0x000000008b64f600) 
thrown [s\open\src\hotspot\share\interpreter\linkResolver.cpp, line 759]
Event: 0.471 Thread 0x000001ff37130c80 Exception <a 'java/lang/NoSuchMethodError'{0x000000008b572060}: 'java.lang.Object java.lang.invoke.DirectMethodHandle$Holder.newInvokeSpecial(java.lang.Object, java.lang.Object, int, java.lang.Object)'> (0x000000008b572060) 
thrown [s\open\src\hotspot\share\interpreter\linkResolver.cpp, line 759]
Event: 0.471 Thread 0x000001ff37130c80 Exception <a 'java/lang/NoSuchMethodError'{0x000000008b576198}: 'java.lang.Object java.lang.invoke.DirectMethodHandle$Holder.invokeSpecial(java.lang.Object, java.lang.Object, java.lang.Object, int, java.lang.Object)'> (0x000000008b576198) 
thrown [s\open\src\hotspot\share\interpreter\linkResolver.cpp, line 759]
Event: 0.522 Thread 0x000001ff37794650 Exception <a 'java/lang/NoSuchMethodError'{0x000000008b4c7cc8}: 'void java.lang.invoke.DirectMethodHandle$Holder.invokeStaticInit(java.lang.Object)'> (0x000000008b4c7cc8) 
thrown [s\open\src\hotspot\share\interpreter\linkResolver.cpp, line 759]
Event: 0.526 Thread 0x000001ff37130c80 Exception <a 'java/lang/NoSuchMethodError'{0x000000008b5fbd98}: 'void java.lang.invoke.DirectMethodHandle$Holder.invokeStatic(java.lang.Object, java.lang.Object, java.lang.Object, java.lang.Object)'> (0x000000008b5fbd98) 
thrown [s\open\src\hotspot\share\interpreter\linkResolver.cpp, line 759]
Event: 0.626 Thread 0x000001ff37794650 Exception <a 'java/lang/NoSuchMethodError'{0x000000008c2ed5d8}: 'java.lang.Object java.lang.invoke.DirectMethodHandle$Holder.invokeInterface(java.lang.Object, java.lang.Object)'> (0x000000008c2ed5d8) 
thrown [s\open\src\hotspot\share\interpreter\linkResolver.cpp, line 759]
Event: 0.868 Thread 0x000001ff37794650 Exception <a 'java/lang/NoSuchMethodError'{0x000000008b3f9fc0}: 'java.lang.Object java.lang.invoke.DirectMethodHandle$Holder.invokeStaticInit(java.lang.Object, java.lang.Object, java.lang.Object, java.lang.Object)'> (0x000000008b3f9fc0) 
thrown [s\open\src\hotspot\share\interpreter\linkResolver.cpp, line 759]
Event: 0.869 Thread 0x000001ff37794650 Exception <a 'java/lang/NullPointerException'{0x000000008b204fd8}> (0x000000008b204fd8) 
thrown [s\open\src\hotspot\share\interpreter\linkResolver.cpp, line 1350]
Event: 0.981 Thread 0x000001ff37794650 Exception <a 'java/lang/NoSuchMethodError'{0x000000008a9b8c48}: 'void java.lang.invoke.DirectMethodHandle$Holder.invokeStaticInit(java.lang.Object, java.lang.Object)'> (0x000000008a9b8c48) 
thrown [s\open\src\hotspot\share\interpreter\linkResolver.cpp, line 759]
Event: 0.984 Thread 0x000001ff37794650 Exception <a 'java/lang/NoSuchMethodError'{0x000000008a9e50f0}: 'void java.lang.invoke.DirectMethodHandle$Holder.invokeSpecial(java.lang.Object, java.lang.Object, java.lang.Object, java.lang.Object, java.lang.Object)'> (0x000000008a9e50f0) 
thrown [s\open\src\hotspot\share\interpreter\linkResolver.cpp, line 759]
Event: 1.084 Thread 0x000001ff37794650 Implicit null exception at 0x000001ff265e618c to 0x000001ff265e6568
Event: 1.098 Thread 0x000001ff37794650 Implicit null exception at 0x000001ff265e580c to 0x000001ff265e5bd8
Event: 1.098 Thread 0x000001ff37794650 Implicit null exception at 0x000001ff265dd80f to 0x000001ff265dd889
Event: 1.186 Thread 0x000001ff37794650 Exception <a 'java/lang/NoSuchMethodError'{0x000000008bd638b0}: 'java.lang.Object java.lang.invoke.DirectMethodHandle$Holder.invokeInterface(java.lang.Object, java.lang.Object, java.lang.Object)'> (0x000000008bd638b0) 
thrown [s\open\src\hotspot\share\interpreter\linkResolver.cpp, line 759]
Event: 1.186 Thread 0x000001ff37794650 Exception <a 'java/lang/IncompatibleClassChangeError'{0x000000008bd67238}: Found class java.lang.Object, but interface was expected> (0x000000008bd67238) 
thrown [s\open\src\hotspot\share\interpreter\linkResolver.cpp, line 826]
Event: 1.230 Thread 0x000001ff37794650 Exception <a 'java/lang/NoSuchMethodError'{0x000000008bb7d170}: 'java.lang.Object java.lang.invoke.DirectMethodHandle$Holder.newInvokeSpecial(java.lang.Object, java.lang.Object, int)'> (0x000000008bb7d170) 
thrown [s\open\src\hotspot\share\interpreter\linkResolver.cpp, line 759]

VM Operations (20 events):
Event: 0.115 Executing VM operation: HandshakeAllThreads
Event: 0.115 Executing VM operation: HandshakeAllThreads done
Event: 0.216 Executing VM operation: HandshakeAllThreads
Event: 0.216 Executing VM operation: HandshakeAllThreads done
Event: 0.458 Executing VM operation: HandshakeAllThreads
Event: 0.458 Executing VM operation: HandshakeAllThreads done
Event: 0.474 Executing VM operation: HandshakeAllThreads
Event: 0.474 Executing VM operation: HandshakeAllThreads done
Event: 0.600 Executing VM operation: G1CollectForAllocation
Event: 0.603 Executing VM operation: G1CollectForAllocation done
Event: 0.791 Executing VM operation: HandshakeAllThreads
Event: 0.791 Executing VM operation: HandshakeAllThreads done
Event: 0.816 Executing VM operation: HandshakeAllThreads
Event: 0.816 Executing VM operation: HandshakeAllThreads done
Event: 0.970 Executing VM operation: ICBufferFull
Event: 0.971 Executing VM operation: ICBufferFull done
Event: 1.018 Executing VM operation: G1CollectForAllocation
Event: 1.023 Executing VM operation: G1CollectForAllocation done
Event: 1.030 Executing VM operation: HandshakeAllThreads
Event: 1.030 Executing VM operation: HandshakeAllThreads done

Events (20 events):
Event: 1.212 loading class jdk/internal/icu/impl/Trie2$ValueMapper done
Event: 1.212 loading class jdk/internal/icu/impl/Trie2$1 done
Event: 1.212 loading class jdk/internal/icu/impl/Trie2$UTrie2Header
Event: 1.212 loading class jdk/internal/icu/impl/Trie2$UTrie2Header done
Event: 1.214 loading class jdk/internal/icu/text/UTF16
Event: 1.214 loading class jdk/internal/icu/text/UTF16 done
Event: 1.214 loading class jdk/internal/icu/text/BidiLine
Event: 1.215 loading class jdk/internal/icu/text/BidiLine done
Event: 1.246 loading class java/util/WeakHashMap$EntrySet
Event: 1.246 loading class java/util/WeakHashMap$EntrySet done
Event: 1.246 loading class java/util/WeakHashMap$EntryIterator
Event: 1.246 loading class java/util/WeakHashMap$EntryIterator done
Event: 1.247 loading class java/util/ConcurrentModificationException
Event: 1.247 loading class java/util/ConcurrentModificationException done
Event: 1.261 loading class java/util/EnumMap$Values
Event: 1.261 loading class java/util/EnumMap$Values done
Event: 1.261 loading class java/util/EnumMap$ValueIterator
Event: 1.261 loading class java/util/EnumMap$EnumMapIterator
Event: 1.261 loading class java/util/EnumMap$EnumMapIterator done
Event: 1.261 loading class java/util/EnumMap$ValueIterator done


Dynamic libraries:
0x00007ff712b70000 - 0x00007ff712b80000 	C:\Program Files\Java\jdk-17\bin\java.exe
0x00007ffb447b0000 - 0x00007ffb449c7000 	C:\WINDOWS\SYSTEM32\ntdll.dll
0x00007ffb439d0000 - 0x00007ffb43a94000 	C:\WINDOWS\System32\KERNEL32.DLL
0x00007ffb41db0000 - 0x00007ffb4215d000 	C:\WINDOWS\System32\KERNELBASE.dll
0x00007ffb41c90000 - 0x00007ffb41da1000 	C:\WINDOWS\System32\ucrtbase.dll
0x00007ffb2f790000 - 0x00007ffb2f7a8000 	C:\Program Files\Java\jdk-17\bin\jli.dll
0x00007ffb29620000 - 0x00007ffb2963b000 	C:\Program Files\Java\jdk-17\bin\VCRUNTIME140.dll
0x00007ffb44140000 - 0x00007ffb441f2000 	C:\WINDOWS\System32\ADVAPI32.dll
0x00007ffb424e0000 - 0x00007ffb42587000 	C:\WINDOWS\System32\msvcrt.dll
0x00007ffb43920000 - 0x00007ffb439c9000 	C:\WINDOWS\System32\sechost.dll
0x00007ffb41c30000 - 0x00007ffb41c58000 	C:\WINDOWS\System32\bcrypt.dll
0x00007ffb436f0000 - 0x00007ffb43804000 	C:\WINDOWS\System32\RPCRT4.dll
0x00007ffb42590000 - 0x00007ffb4273e000 	C:\WINDOWS\System32\USER32.dll
0x00007ffb41c60000 - 0x00007ffb41c86000 	C:\WINDOWS\System32\win32u.dll
0x00007ffb44740000 - 0x00007ffb44769000 	C:\WINDOWS\System32\GDI32.dll
0x00007ffb42340000 - 0x00007ffb42459000 	C:\WINDOWS\System32\gdi32full.dll
0x00007ffb2d770000 - 0x00007ffb2da03000 	C:\WINDOWS\WinSxS\amd64_microsoft.windows.common-controls_6595b64144ccf1df_6.0.22621.3672_none_2713b9d173822955\COMCTL32.dll
0x00007ffb41b90000 - 0x00007ffb41c2a000 	C:\WINDOWS\System32\msvcp_win.dll
0x00007ffb3b3c0000 - 0x00007ffb3b3ca000 	C:\WINDOWS\SYSTEM32\VERSION.dll
0x00007ffb436b0000 - 0x00007ffb436e1000 	C:\WINDOWS\System32\IMM32.DLL
0x00007ffb3b5c0000 - 0x00007ffb3b5cc000 	C:\Program Files\Java\jdk-17\bin\vcruntime140_1.dll
0x00007ffb162b0000 - 0x00007ffb1633e000 	C:\Program Files\Java\jdk-17\bin\msvcp140.dll
0x00007ffad3930000 - 0x00007ffad4507000 	C:\Program Files\Java\jdk-17\bin\server\jvm.dll
0x00007ffb43480000 - 0x00007ffb43488000 	C:\WINDOWS\System32\PSAPI.DLL
0x00007ffb39210000 - 0x00007ffb39244000 	C:\WINDOWS\SYSTEM32\WINMM.dll
0x00007ffb38a80000 - 0x00007ffb38a89000 	C:\WINDOWS\SYSTEM32\WSOCK32.dll
0x00007ffb43320000 - 0x00007ffb43391000 	C:\WINDOWS\System32\WS2_32.dll
0x00007ffb40c10000 - 0x00007ffb40c28000 	C:\WINDOWS\SYSTEM32\kernel.appcore.dll
0x00007ffb38a90000 - 0x00007ffb38a9a000 	C:\Program Files\Java\jdk-17\bin\jimage.dll
0x00007ffb3f480000 - 0x00007ffb3f6b2000 	C:\WINDOWS\SYSTEM32\DBGHELP.DLL
0x00007ffb44340000 - 0x00007ffb446ce000 	C:\WINDOWS\System32\combase.dll
0x00007ffb433a0000 - 0x00007ffb43477000 	C:\WINDOWS\System32\OLEAUT32.dll
0x00007ffb382b0000 - 0x00007ffb382e2000 	C:\WINDOWS\SYSTEM32\dbgcore.DLL
0x00007ffb42460000 - 0x00007ffb424db000 	C:\WINDOWS\System32\bcryptPrimitives.dll
0x00007ffb374e0000 - 0x00007ffb374ee000 	C:\Program Files\Java\jdk-17\bin\instrument.dll
0x00007ffb20130000 - 0x00007ffb20155000 	C:\Program Files\Java\jdk-17\bin\java.dll
0x00007ffb161d0000 - 0x00007ffb162a7000 	C:\Program Files\Java\jdk-17\bin\jsvml.dll
0x00007ffb42ab0000 - 0x00007ffb43317000 	C:\WINDOWS\System32\SHELL32.dll
0x00007ffb3fa60000 - 0x00007ffb4035f000 	C:\WINDOWS\SYSTEM32\windows.storage.dll
0x00007ffb3f910000 - 0x00007ffb3fa4f000 	C:\WINDOWS\SYSTEM32\wintypes.dll
0x00007ffb427a0000 - 0x00007ffb42899000 	C:\WINDOWS\System32\SHCORE.dll
0x00007ffb42740000 - 0x00007ffb4279e000 	C:\WINDOWS\System32\shlwapi.dll
0x00007ffb41a00000 - 0x00007ffb41a27000 	C:\WINDOWS\SYSTEM32\profapi.dll
0x00007ffb16620000 - 0x00007ffb16638000 	C:\Program Files\Java\jdk-17\bin\zip.dll
0x00007ffb1ca00000 - 0x00007ffb1ca19000 	C:\Program Files\Java\jdk-17\bin\net.dll
0x00007ffb3a830000 - 0x00007ffb3a966000 	C:\WINDOWS\SYSTEM32\WINHTTP.dll
0x00007ffb41080000 - 0x00007ffb410e9000 	C:\WINDOWS\system32\mswsock.dll
0x00007ffb166f0000 - 0x00007ffb16706000 	C:\Program Files\Java\jdk-17\bin\nio.dll
0x00007ffb14e40000 - 0x00007ffb14e5a000 	C:\Program Files\JetBrains\IntelliJ IDEA 2022.3.1\bin\breakgen64.dll
0x000001ff37800000 - 0x000001ff37803000 	C:\Users\Buddhi\.openjfx\cache\22+30\amd64\api-ms-win-core-console-l1-1-0.dll
0x000001ff37810000 - 0x000001ff37813000 	C:\Users\Buddhi\.openjfx\cache\22+30\amd64\api-ms-win-core-console-l1-2-0.dll
0x000001ff37820000 - 0x000001ff37823000 	C:\Users\Buddhi\.openjfx\cache\22+30\amd64\api-ms-win-core-datetime-l1-1-0.dll
0x000001ff37830000 - 0x000001ff37833000 	C:\Users\Buddhi\.openjfx\cache\22+30\amd64\api-ms-win-core-debug-l1-1-0.dll
0x000001ff37840000 - 0x000001ff37843000 	C:\Users\Buddhi\.openjfx\cache\22+30\amd64\api-ms-win-core-errorhandling-l1-1-0.dll
0x000001ff37850000 - 0x000001ff37854000 	C:\Users\Buddhi\.openjfx\cache\22+30\amd64\api-ms-win-core-file-l1-1-0.dll
0x000001ff37860000 - 0x000001ff37863000 	C:\Users\Buddhi\.openjfx\cache\22+30\amd64\api-ms-win-core-file-l1-2-0.dll
0x000001ff37870000 - 0x000001ff37873000 	C:\Users\Buddhi\.openjfx\cache\22+30\amd64\api-ms-win-core-file-l2-1-0.dll
0x000001ff37880000 - 0x000001ff37883000 	C:\Users\Buddhi\.openjfx\cache\22+30\amd64\api-ms-win-core-handle-l1-1-0.dll
0x000001ff37890000 - 0x000001ff37893000 	C:\Users\Buddhi\.openjfx\cache\22+30\amd64\api-ms-win-core-heap-l1-1-0.dll
0x000001ff378a0000 - 0x000001ff378a3000 	C:\Users\Buddhi\.openjfx\cache\22+30\amd64\api-ms-win-core-interlocked-l1-1-0.dll
0x000001ff378b0000 - 0x000001ff378b3000 	C:\Users\Buddhi\.openjfx\cache\22+30\amd64\api-ms-win-core-libraryloader-l1-1-0.dll
0x000001ff378c0000 - 0x000001ff378c3000 	C:\Users\Buddhi\.openjfx\cache\22+30\amd64\api-ms-win-core-localization-l1-2-0.dll
0x000001ff378d0000 - 0x000001ff378d3000 	C:\Users\Buddhi\.openjfx\cache\22+30\amd64\api-ms-win-core-memory-l1-1-0.dll
0x000001ff378e0000 - 0x000001ff378e3000 	C:\Users\Buddhi\.openjfx\cache\22+30\amd64\api-ms-win-core-namedpipe-l1-1-0.dll
0x000001ff378f0000 - 0x000001ff378f3000 	C:\Users\Buddhi\.openjfx\cache\22+30\amd64\api-ms-win-core-processenvironment-l1-1-0.dll
0x000001ff37900000 - 0x000001ff37903000 	C:\Users\Buddhi\.openjfx\cache\22+30\amd64\api-ms-win-core-processthreads-l1-1-0.dll
0x000001ff37910000 - 0x000001ff37913000 	C:\Users\Buddhi\.openjfx\cache\22+30\amd64\api-ms-win-core-processthreads-l1-1-1.dll
0x000001ff37920000 - 0x000001ff37923000 	C:\Users\Buddhi\.openjfx\cache\22+30\amd64\api-ms-win-core-profile-l1-1-0.dll
0x000001ff37930000 - 0x000001ff37933000 	C:\Users\Buddhi\.openjfx\cache\22+30\amd64\api-ms-win-core-rtlsupport-l1-1-0.dll
0x000001ff37940000 - 0x000001ff37943000 	C:\Users\Buddhi\.openjfx\cache\22+30\amd64\api-ms-win-core-string-l1-1-0.dll
0x000001ff37950000 - 0x000001ff37953000 	C:\Users\Buddhi\.openjfx\cache\22+30\amd64\api-ms-win-core-synch-l1-1-0.dll
0x000001ff37960000 - 0x000001ff37963000 	C:\Users\Buddhi\.openjfx\cache\22+30\amd64\api-ms-win-core-synch-l1-2-0.dll
0x000001ff37970000 - 0x000001ff37973000 	C:\Users\Buddhi\.openjfx\cache\22+30\amd64\api-ms-win-core-sysinfo-l1-1-0.dll
0x000001ff37980000 - 0x000001ff37983000 	C:\Users\Buddhi\.openjfx\cache\22+30\amd64\api-ms-win-core-timezone-l1-1-0.dll
0x000001ff37990000 - 0x000001ff37993000 	C:\Users\Buddhi\.openjfx\cache\22+30\amd64\api-ms-win-core-util-l1-1-0.dll
0x000001ff379a0000 - 0x000001ff379a3000 	C:\Users\Buddhi\.openjfx\cache\22+30\amd64\api-ms-win-crt-conio-l1-1-0.dll
0x000001ff379b0000 - 0x000001ff379b4000 	C:\Users\Buddhi\.openjfx\cache\22+30\amd64\api-ms-win-crt-convert-l1-1-0.dll
0x000001ff379c0000 - 0x000001ff379c3000 	C:\Users\Buddhi\.openjfx\cache\22+30\amd64\api-ms-win-crt-environment-l1-1-0.dll
0x000001ff379d0000 - 0x000001ff379d3000 	C:\Users\Buddhi\.openjfx\cache\22+30\amd64\api-ms-win-crt-filesystem-l1-1-0.dll
0x000001ff379e0000 - 0x000001ff379e3000 	C:\Users\Buddhi\.openjfx\cache\22+30\amd64\api-ms-win-crt-heap-l1-1-0.dll
0x000001ff379f0000 - 0x000001ff379f3000 	C:\Users\Buddhi\.openjfx\cache\22+30\amd64\api-ms-win-crt-locale-l1-1-0.dll
0x000001ff37a00000 - 0x000001ff37a05000 	C:\Users\Buddhi\.openjfx\cache\22+30\amd64\api-ms-win-crt-math-l1-1-0.dll
0x000001ff37a10000 - 0x000001ff37a15000 	C:\Users\Buddhi\.openjfx\cache\22+30\amd64\api-ms-win-crt-multibyte-l1-1-0.dll
0x000001ff37a20000 - 0x000001ff37a30000 	C:\Users\Buddhi\.openjfx\cache\22+30\amd64\api-ms-win-crt-private-l1-1-0.dll
0x000001ff37a30000 - 0x000001ff37a33000 	C:\Users\Buddhi\.openjfx\cache\22+30\amd64\api-ms-win-crt-process-l1-1-0.dll
0x000001ff37a40000 - 0x000001ff37a44000 	C:\Users\Buddhi\.openjfx\cache\22+30\amd64\api-ms-win-crt-runtime-l1-1-0.dll
0x000001ff37a50000 - 0x000001ff37a54000 	C:\Users\Buddhi\.openjfx\cache\22+30\amd64\api-ms-win-crt-stdio-l1-1-0.dll
0x000001ff37a60000 - 0x000001ff37a64000 	C:\Users\Buddhi\.openjfx\cache\22+30\amd64\api-ms-win-crt-string-l1-1-0.dll
0x000001ff37a70000 - 0x000001ff37a73000 	C:\Users\Buddhi\.openjfx\cache\22+30\amd64\api-ms-win-crt-time-l1-1-0.dll
0x000001ff37a80000 - 0x000001ff37a83000 	C:\Users\Buddhi\.openjfx\cache\22+30\amd64\api-ms-win-crt-utility-l1-1-0.dll
0x00007ffad9280000 - 0x00007ffad937c000 	C:\Users\Buddhi\.openjfx\cache\22+30\amd64\ucrtbase.dll
0x00007ffb16360000 - 0x00007ffb1637b000 	C:\Users\Buddhi\.openjfx\cache\22+30\amd64\vcruntime140.dll
0x00007ffb16600000 - 0x00007ffb1660c000 	C:\Users\Buddhi\.openjfx\cache\22+30\amd64\vcruntime140_1.dll
0x00007ffad91f0000 - 0x00007ffad927e000 	C:\Users\Buddhi\.openjfx\cache\22+30\amd64\msvcp140.dll
0x00007ffb163f0000 - 0x00007ffb163f9000 	C:\Users\Buddhi\.openjfx\cache\22+30\amd64\msvcp140_1.dll
0x00007ffb0c6d0000 - 0x00007ffb0c711000 	C:\Users\Buddhi\.openjfx\cache\22+30\amd64\msvcp140_2.dll
0x00007ffb09b70000 - 0x00007ffb09ba0000 	C:\Users\Buddhi\.openjfx\cache\22+30\amd64\prism_d3d.dll
0x00007ffb29470000 - 0x00007ffb29618000 	C:\WINDOWS\system32\d3d9.dll
0x00007ffb3eeb0000 - 0x00007ffb3eedb000 	C:\WINDOWS\SYSTEM32\dwmapi.dll
0x00007ffb3eb70000 - 0x00007ffb3eba7000 	C:\WINDOWS\SYSTEM32\dxcore.dll
0x00007ffb3c4c0000 - 0x00007ffb3c571000 	C:\WINDOWS\system32\uxtheme.dll
0x00007ffb066f0000 - 0x00007ffb06855000 	C:\WINDOWS\System32\DriverStore\FileRepository\iigd_dch.inf_amd64_4992c421bdec6194\igdumdim64.dll
0x00007ffb428a0000 - 0x00007ffb42a45000 	C:\WINDOWS\System32\ole32.dll
0x00007ffae7000000 - 0x00007ffaeac56000 	C:\WINDOWS\System32\DriverStore\FileRepository\iigd_dch.inf_amd64_4992c421bdec6194\igd9dxva64.dll
0x00007ffb43b30000 - 0x00007ffb43fa4000 	C:\WINDOWS\System32\SETUPAPI.dll
0x00007ffb41790000 - 0x00007ffb417de000 	C:\WINDOWS\SYSTEM32\cfgmgr32.dll
0x00007ffb19a20000 - 0x00007ffb19de1000 	C:\WINDOWS\System32\DriverStore\FileRepository\iigd_dch.inf_amd64_4992c421bdec6194\igdgmm64.dll
0x00007ffb1f670000 - 0x00007ffb1f6b9000 	C:\WINDOWS\SYSTEM32\directxdatabasehelper.dll
0x00007ffb01ab0000 - 0x00007ffb01af5000 	C:\Users\Buddhi\.openjfx\cache\22+30\amd64\glass.dll
0x00007ffb43810000 - 0x00007ffb4390f000 	C:\WINDOWS\System32\COMDLG32.dll
0x00007ffb43fc0000 - 0x00007ffb4411e000 	C:\WINDOWS\System32\MSCTF.dll
0x00007ffb15360000 - 0x00007ffb15387000 	C:\WINDOWS\System32\DriverStore\FileRepository\iigd_dch.inf_amd64_4992c421bdec6194\igdinfo64.dll
0x00007ffb44200000 - 0x00007ffb442b0000 	C:\WINDOWS\System32\clbcatq.dll
0x00007ffb1e0d0000 - 0x00007ffb1e245000 	C:\Windows\System32\Windows.UI.dll
0x00007ffb221d0000 - 0x00007ffb22345000 	C:\Windows\System32\Windows.UI.Immersive.dll
0x00007ffb16340000 - 0x00007ffb16354000 	C:\Users\Buddhi\.openjfx\cache\22+30\amd64\javafx_font.dll
0x00007ffb39d60000 - 0x00007ffb39fd3000 	C:\WINDOWS\SYSTEM32\dwrite.dll
0x00007ffb3c290000 - 0x00007ffb3c441000 	C:\WINDOWS\SYSTEM32\WindowsCodecs.dll
0x00007ffb36cc0000 - 0x00007ffb36d1e000 	C:\WINDOWS\system32\dataexchange.dll
0x00007ffb20d80000 - 0x00007ffb2100a000 	C:\WINDOWS\system32\twinapi.appcore.dll
0x00007ffad4ca0000 - 0x00007ffad4cd2000 	C:\Program Files\Common Files\Microsoft Shared\Ink\rtscom.dll
0x00007ffb1d830000 - 0x00007ffb1d973000 	C:\WINDOWS\SYSTEM32\textinputframework.dll
0x00007ffb3b160000 - 0x00007ffb3b293000 	C:\WINDOWS\SYSTEM32\CoreMessaging.dll
0x00007ffb1d480000 - 0x00007ffb1d7ed000 	C:\WINDOWS\SYSTEM32\CoreUIComponents.dll
0x00007ffb412f0000 - 0x00007ffb412fc000 	C:\WINDOWS\SYSTEM32\CRYPTBASE.DLL

dbghelp: loaded successfully - version: 4.0.5 - missing functions: none
symbol engine: initialized successfully - sym options: 0x614 - pdb path: .;C:\Program Files\Java\jdk-17\bin;C:\WINDOWS\SYSTEM32;C:\WINDOWS\WinSxS\amd64_microsoft.windows.common-controls_6595b64144ccf1df_6.0.22621.3672_none_2713b9d173822955;C:\Program Files\Java\jdk-17\bin\server;C:\Program Files\JetBrains\IntelliJ IDEA 2022.3.1\bin;C:\Users\Buddhi\.openjfx\cache\22+30\amd64;C:\WINDOWS\System32\DriverStore\FileRepository\iigd_dch.inf_amd64_4992c421bdec6194;C:\Program Files\Common Files\Microsoft Shared\Ink

VM Arguments:
jvm_args: -javaagent:C:\Program Files\JetBrains\IntelliJ IDEA 2022.3.1\lib\idea_rt.jar=14168:C:\Program Files\JetBrains\IntelliJ IDEA 2022.3.1\bin -Dfile.encoding=UTF-8 
java_command: LauncherWrapper
java_class_path (initial): C:\Users\Public\Documents\ijse\layered_mapping\target\classes;C:\Users\Buddhi\.m2\repository\org\hibernate\orm\hibernate-core\6.2.6.Final\hibernate-core-6.2.6.Final.jar;C:\Users\Buddhi\.m2\repository\jakarta\persistence\jakarta.persistence-api\3.1.0\jakarta.persistence-api-3.1.0.jar;C:\Users\Buddhi\.m2\repository\jakarta\transaction\jakarta.transaction-api\2.0.1\jakarta.transaction-api-2.0.1.jar;C:\Users\Buddhi\.m2\repository\org\jboss\logging\jboss-logging\3.5.0.Final\jboss-logging-3.5.0.Final.jar;C:\Users\Buddhi\.m2\repository\org\hibernate\common\hibernate-commons-annotations\6.0.6.Final\hibernate-commons-annotations-6.0.6.Final.jar;C:\Users\Buddhi\.m2\repository\io\smallrye\jandex\3.0.5\jandex-3.0.5.jar;C:\Users\Buddhi\.m2\repository\com\fasterxml\classmate\1.5.1\classmate-1.5.1.jar;C:\Users\Buddhi\.m2\repository\net\bytebuddy\byte-buddy\1.12.18\byte-buddy-1.12.18.jar;C:\Users\Buddhi\.m2\repository\jakarta\xml\bind\jakarta.xml.bind-api\4.0.0\jakarta.xml.bind-api-4.0.0.jar;C:\Users\Buddhi\.m2\repository\jakarta\activation\jakarta.activation-api\2.1.0\jakarta.activation-api-2.1.0.jar;C:\Users\Buddhi\.m2\repository\org\glassfish\jaxb\jaxb-runtime\4.0.2\jaxb-runtime-4.0.2.jar;C:\Users\Buddhi\.m2\repository\org\glassfish\jaxb\jaxb-core\4.0.2\jaxb-core-4.0.2.jar;C:\Users\Buddhi\.m2\repository\org\eclipse\angus\angus-activation\2.0.0\angus-activation-2.0.0.jar;C:\Users\Buddhi\.m2\repository\org\glassfish\jaxb\txw2\4.0.2\txw2-4.0.2.jar;C:\Users\Buddhi\.m2\repository\com\sun\istack\istack-commons-runtime\4.1.1\istack-commons-runtime-4.1.1.jar;C:\Users\Buddhi\.m2\repository\jakarta\inject\jakarta.inject-api\2.0.1\jakarta.inject-api-2.0.1.jar;C:\Users\Buddhi\.m2\repository\org\antlr\antlr4-runtime\4.10.1\antlr4-runtime-4.10.1.jar;C:\Users\Buddhi\.m2\repository\com\mysql\mysql-connector-j\8.3.0\mysql-connector-j-8.3.0.jar;C:\Users\Buddhi\.m2\repository\com\google\protobuf\protobuf-java\3.25.1\protobuf-java-3.25.1.jar;C:\Users\Buddhi\.m2\reposito
Launcher Type: SUN_STANDARD

[Global flags]
     intx CICompilerCount                          = 12                                        {product} {ergonomic}
     uint ConcGCThreads                            = 3                                         {product} {ergonomic}
     uint G1ConcRefinementThreads                  = 13                                        {product} {ergonomic}
   size_t G1HeapRegionSize                         = 1048576                                   {product} {ergonomic}
    uintx GCDrainStackTargetSize                   = 64                                        {product} {ergonomic}
   size_t InitialHeapSize                          = 130023424                                 {product} {ergonomic}
   size_t MarkStackSize                            = 4194304                                   {product} {ergonomic}
   size_t MaxHeapSize                              = 2069889024                                {product} {ergonomic}
   size_t MaxNewSize                               = 1241513984                                {product} {ergonomic}
   size_t MinHeapDeltaBytes                        = 1048576                                   {product} {ergonomic}
   size_t MinHeapSize                              = 8388608                                   {product} {ergonomic}
    uintx NonNMethodCodeHeapSize                   = 7602480                                {pd product} {ergonomic}
    uintx NonProfiledCodeHeapSize                  = 122027880                              {pd product} {ergonomic}
    uintx ProfiledCodeHeapSize                     = 122027880                              {pd product} {ergonomic}
    uintx ReservedCodeCacheSize                    = 251658240                              {pd product} {ergonomic}
     bool SegmentedCodeCache                       = true                                      {product} {ergonomic}
   size_t SoftMaxHeapSize                          = 2069889024                             {manageable} {ergonomic}
     bool UseCompressedClassPointers               = true                           {product lp64_product} {ergonomic}
     bool UseCompressedOops                        = true                           {product lp64_product} {ergonomic}
     bool UseG1GC                                  = true                                      {product} {ergonomic}
     bool UseLargePagesIndividualAllocation        = false                                  {pd product} {ergonomic}

Logging:
Log output configuration:
 #0: stdout all=warning uptime,level,tags
 #1: stderr all=off uptime,level,tags

Environment Variables:
JAVA_HOME=C:\Program Files\Java\jdk-17
PATH=C:\Program Files (x86)\Common Files\Oracle\Java\javapath;C:\Program Files\Common Files\Oracle\Java\javapath;C:\Windows\system32;C:\Windows;C:\Windows\System32\Wbem;C:\Windows\System32\WindowsPowerShell\v1.0\;C:\Windows\System32\OpenSSH\;C:\Program Files (x86)\NVIDIA Corporation\PhysX\Common;C:\Program Files\NVIDIA Corporation\NVIDIA NvDLISR;C:\Program Files\Java\jdk-17\bin;C:\Program Files\apache-maven-3.8.7\bin;C:\WINDOWS\system32;C:\WINDOWS;C:\WINDOWS\System32\Wbem;C:\WINDOWS\System32\WindowsPowerShell\v1.0\;C:\WINDOWS\System32\OpenSSH\;C:\Program Files\Git\cmd;C:\Program Files\MySQL\MySQL Shell 8.0\bin\;C:\Users\Buddhi\AppData\Local\Microsoft\WindowsApps;C:\Users\Buddhi\AppData\Local\Programs\Microsoft VS Code\bin;C:\Program Files\JetBrains\IntelliJ IDEA 2022.3.1\bin;;C:\Program Files\apache-maven-3.8.7\apache-maven\src;
USERNAME=Buddhi
OS=Windows_NT
PROCESSOR_IDENTIFIER=Intel64 Family 6 Model 141 Stepping 1, GenuineIntel



---------------  S Y S T E M  ---------------

OS:
 Windows 11 , 64 bit Build 22621 (10.0.22621.3958)
OS uptime: 8 days 23:11 hours

CPU: total 16 (initial active 16) (8 cores per cpu, 2 threads per core) family 6 model 141 stepping 1 microcode 0x26, cx8, cmov, fxsr, ht, mmx, 3dnowpref, sse, sse2, sse3, ssse3, sse4.1, sse4.2, popcnt, lzcnt, tsc, tscinvbit, avx, avx2, aes, erms, clmul, bmi1, bmi2, adx, avx512f, avx512dq, avx512cd, avx512bw, avx512vl, sha, fma, vzeroupper, avx512_vpopcntdq, avx512_vpclmulqdq, avx512_vaes, avx512_vnni, clflush, clflushopt, clwb, avx512_vbmi2, avx512_vbmi

Memory: 4k page, system-wide physical 7893M (736M free)
TotalPageFile size 16085M (AvailPageFile size 71M)
current process WorkingSet (physical memory assigned to process): 149M, peak: 149M
current process commit charge ("private bytes"): 287M, peak: 288M

vm_info: Java HotSpot(TM) 64-Bit Server VM (17.0.6+9-LTS-190) for windows-amd64 JRE (17.0.6+9-LTS-190), built on Dec  6 2022 15:53:54 by "mach5one" with MS VC++ 17.1 (VS2022)

END.
